;  LST file generated by mikroListExporter - v.2.0 
; Date/Time: 23/05/2019 16:22:34
;----------------------------------------------

;Address Opcode 	ASM
0x0000	0xF004EF33  	GOTO        2150
0x0004	0x0000      	NOP
0x0006	0x0000      	NOP
0x0008	0xF000EF00  	GOTO        0
0x000C	0x0000      	NOP
0x000E	0x0000      	NOP
0x0010	0x0000      	NOP
0x0012	0x0000      	NOP
0x0014	0x0000      	NOP
0x0016	0x0000      	NOP
0x0018	0xD7F3      	BRA         0
_SETFUN32:
;__Lib_MathDouble.c,144 :: 		
;__Lib_MathDouble.c,152 :: 		
0x001C	0x840B      	BSF         R11, 2, 0
;__Lib_MathDouble.c,153 :: 		
0x001E	0xAE0B      	BTFSS       R11, 7, 0
;__Lib_MathDouble.c,154 :: 		
0x0020	0xF000EF19  	GOTO        SETFUN32EEE
;__Lib_MathDouble.c,156 :: 		
0x0024	0x0E01      	MOVLW       1
;__Lib_MathDouble.c,157 :: 		
0x0026	0x6E03      	MOVWF       R3, 0
;__Lib_MathDouble.c,158 :: 		
0x0028	0x6A02      	CLRF        R2, 0
;__Lib_MathDouble.c,159 :: 		
0x002A	0x6A01      	CLRF        R1, 0
;__Lib_MathDouble.c,160 :: 		
0x002C	0x6A00      	CLRF        R0, 0
;__Lib_MathDouble.c,161 :: 		
0x002E	0x360A      	RLCF        R10, 1, 0
;__Lib_MathDouble.c,162 :: 		
0x0030	0x3202      	RRCF        R2, 1, 0
;__Lib_MathDouble.c,163 :: 		
SETFUN32EEE:
;__Lib_MathDouble.c,164 :: 		
0x0032	0x0EFF      	MOVLW       255
;__Lib_MathDouble.c,166 :: 		
L_end_SETFUN32:
0x0034	0x0012      	RETURN      0
; end of _SETFUN32
_FIXSIGN32:
;__Lib_MathDouble.c,117 :: 		
;__Lib_MathDouble.c,121 :: 		
0x0036	0xAE0A      	BTFSS       R10, 7, 0
;__Lib_MathDouble.c,122 :: 		
0x0038	0x9E02      	BCF         R2, 7, 0
;__Lib_MathDouble.c,123 :: 		
0x003A	0x0E00      	MOVLW       0
;__Lib_MathDouble.c,125 :: 		
L_end_FIXSIGN32:
0x003C	0x0012      	RETURN      0
; end of _FIXSIGN32
_Div_16X16_U:
;__Lib_Math.c,102 :: 		
;__Lib_Math.c,109 :: 		
0x003E	0x6A08      	CLRF        R8, 0
;__Lib_Math.c,110 :: 		
0x0040	0x6A09      	CLRF        R9, 0
;__Lib_Math.c,111 :: 		
0x0042	0x0E10      	MOVLW       16
;__Lib_Math.c,112 :: 		
0x0044	0x6E0C      	MOVWF       R12, 0
;__Lib_Math.c,113 :: 		
0x0046	0x3401      	RLCF        R1, 0, 0
;__Lib_Math.c,114 :: 		
0x0048	0x3608      	RLCF        R8, 1, 0
;__Lib_Math.c,115 :: 		
0x004A	0x3609      	RLCF        R9, 1, 0
;__Lib_Math.c,116 :: 		
0x004C	0x5004      	MOVF        R4, 0, 0
;__Lib_Math.c,117 :: 		
0x004E	0x5E08      	SUBWF       R8, 1, 0
;__Lib_Math.c,118 :: 		
0x0050	0x5005      	MOVF        R5, 0, 0
;__Lib_Math.c,119 :: 		
0x0052	0xA0D8      	BTFSS       STATUS, 0, 0
;__Lib_Math.c,120 :: 		
0x0054	0x3C05      	INCFSZ      R5, 0, 0
;__Lib_Math.c,121 :: 		
0x0056	0x5E09      	SUBWF       R9, 1, 0
;__Lib_Math.c,122 :: 		
0x0058	0xB0D8      	BTFSC       STATUS, 0, 0
;__Lib_Math.c,123 :: 		
0x005A	0xD007      	BRA         $+16
;__Lib_Math.c,124 :: 		
0x005C	0x5004      	MOVF        R4, 0, 0
;__Lib_Math.c,125 :: 		
0x005E	0x2608      	ADDWF       R8, 1, 0
;__Lib_Math.c,126 :: 		
0x0060	0x5005      	MOVF        R5, 0, 0
;__Lib_Math.c,127 :: 		
0x0062	0xB0D8      	BTFSC       STATUS, 0, 0
;__Lib_Math.c,128 :: 		
0x0064	0x3C05      	INCFSZ      R5, 0, 0
;__Lib_Math.c,129 :: 		
0x0066	0x2609      	ADDWF       R9, 1, 0
;__Lib_Math.c,130 :: 		
0x0068	0x90D8      	BCF         STATUS, 0, 0
;__Lib_Math.c,131 :: 		
0x006A	0x3600      	RLCF        R0, 1, 0
;__Lib_Math.c,132 :: 		
0x006C	0x3601      	RLCF        R1, 1, 0
;__Lib_Math.c,133 :: 		
0x006E	0x2E0C      	DECFSZ      R12, 1, 0
;__Lib_Math.c,134 :: 		
0x0070	0xD7EA      	BRA         $-42
;__Lib_Math.c,136 :: 		
L_end_Div_16X16_U:
0x0072	0x0012      	RETURN      0
; end of _Div_16X16_U
_RES032:
;__Lib_MathDouble.c,128 :: 		
;__Lib_MathDouble.c,134 :: 		
0x0074	0x6A02      	CLRF        R2, 0
;__Lib_MathDouble.c,135 :: 		
0x0076	0x6A01      	CLRF        R1, 0
;__Lib_MathDouble.c,136 :: 		
0x0078	0x6A00      	CLRF        R0, 0
;__Lib_MathDouble.c,137 :: 		
0x007A	0x6A08      	CLRF        R8, 0
;__Lib_MathDouble.c,138 :: 		
0x007C	0x6A03      	CLRF        R3, 0
;__Lib_MathDouble.c,139 :: 		
0x007E	0x0E00      	MOVLW       0
;__Lib_MathDouble.c,141 :: 		
L_end_RES032:
0x0080	0x0012      	RETURN      0
; end of _RES032
_UART1_Write:
;__Lib_UART_c67.c,58 :: 		
;__Lib_UART_c67.c,59 :: 		
L_UART1_Write3:
0x0082	0xB2AC      	BTFSC       TXSTA, 1 
0x0084	0xD002      	BRA         L_UART1_Write4
;__Lib_UART_c67.c,60 :: 		
0x0086	0x0000      	NOP
0x0088	0xD7FC      	BRA         L_UART1_Write3
L_UART1_Write4:
;__Lib_UART_c67.c,61 :: 		
0x008A	0xFFADC0E5  	MOVFF       FARG_UART1_Write_data_, TXREG
;__Lib_UART_c67.c,62 :: 		
L_end_UART1_Write:
0x008E	0x0012      	RETURN      0
; end of _UART1_Write
_SETFOV32:
;__Lib_MathDouble.c,82 :: 		
;__Lib_MathDouble.c,90 :: 		
0x0090	0x820B      	BSF         R11, 1, 0
;__Lib_MathDouble.c,91 :: 		
0x0092	0xAE0B      	BTFSS       R11, 7, 0
;__Lib_MathDouble.c,92 :: 		
0x0094	0xF000EF52  	GOTO        SETFOV32EEE
;__Lib_MathDouble.c,94 :: 		
0x0098	0x6803      	SETF        R3, 0
;__Lib_MathDouble.c,95 :: 		
0x009A	0x6802      	SETF        R2, 0
;__Lib_MathDouble.c,96 :: 		
0x009C	0x6801      	SETF        R1, 0
;__Lib_MathDouble.c,97 :: 		
0x009E	0x6800      	SETF        R0, 0
;__Lib_MathDouble.c,98 :: 		
0x00A0	0x360A      	RLCF        R10, 1, 0
;__Lib_MathDouble.c,99 :: 		
0x00A2	0x3202      	RRCF        R2, 1, 0
;__Lib_MathDouble.c,100 :: 		
SETFOV32EEE:
;__Lib_MathDouble.c,101 :: 		
0x00A4	0x0EFF      	MOVLW       255
;__Lib_MathDouble.c,103 :: 		
L_end_SETFOV32:
0x00A6	0x0012      	RETURN      0
; end of _SETFOV32
_SETIOV3224:
;__Lib_MathDouble.c,530 :: 		
;__Lib_MathDouble.c,537 :: 		
0x00A8	0x800B      	BSF         R11, 0, 0
;__Lib_MathDouble.c,538 :: 		
0x00AA	0xAE0B      	BTFSS       R11, 7, 0
;__Lib_MathDouble.c,539 :: 		
0x00AC	0xF000EF60  	GOTO        SETIOV3224EEE
;__Lib_MathDouble.c,541 :: 		
0x00B0	0x6A02      	CLRF        R2, 0
;__Lib_MathDouble.c,542 :: 		
0x00B2	0xAE0A      	BTFSS       R10, 7, 0
;__Lib_MathDouble.c,543 :: 		
0x00B4	0x0EFF      	MOVLW       255
;__Lib_MathDouble.c,544 :: 		
0x00B6	0x6E02      	MOVWF       R2, 0
;__Lib_MathDouble.c,545 :: 		
0x00B8	0x6E01      	MOVWF       R1, 0
;__Lib_MathDouble.c,546 :: 		
0x00BA	0x6E00      	MOVWF       R0, 0
;__Lib_MathDouble.c,547 :: 		
0x00BC	0x360A      	RLCF        R10, 1, 0
;__Lib_MathDouble.c,548 :: 		
0x00BE	0x3202      	RRCF        R2, 1, 0
;__Lib_MathDouble.c,549 :: 		
SETIOV3224EEE:
;__Lib_MathDouble.c,550 :: 		
0x00C0	0x0EFF      	MOVLW       255
;__Lib_MathDouble.c,552 :: 		
L_end_SETIOV3224:
0x00C2	0x0012      	RETURN      0
; end of _SETIOV3224
_NRM3232:
;__Lib_MathDouble.c,455 :: 		
;__Lib_MathDouble.c,463 :: 		
0x00C4	0x6A0C      	CLRF        R12, 0
;__Lib_MathDouble.c,464 :: 		
0x00C6	0x6A0E      	CLRF        R14, 0
;__Lib_MathDouble.c,465 :: 		
0x00C8	0x5002      	MOVF        R2, 0, 0
;__Lib_MathDouble.c,466 :: 		
0x00CA	0xA4D8      	BTFSS       STATUS, 2, 0
;__Lib_MathDouble.c,467 :: 		
0x00CC	0xF000EF7B  	GOTO        NORM3232
;__Lib_MathDouble.c,468 :: 		
0x00D0	0xF002C001  	MOVFF       R1, R2
;__Lib_MathDouble.c,469 :: 		
0x00D4	0xF001C000  	MOVFF       R0, R1
;__Lib_MathDouble.c,470 :: 		
0x00D8	0x6A00      	CLRF        R0, 0
;__Lib_MathDouble.c,471 :: 		
0x00DA	0x860E      	BSF         R14, 3, 0
;__Lib_MathDouble.c,473 :: 		
0x00DC	0x5002      	MOVF        R2, 0, 0
;__Lib_MathDouble.c,474 :: 		
0x00DE	0xA4D8      	BTFSS       STATUS, 2, 0
;__Lib_MathDouble.c,475 :: 		
0x00E0	0xF000EF7B  	GOTO        NORM3232
;__Lib_MathDouble.c,476 :: 		
0x00E4	0xF002C001  	MOVFF       R1, R2
;__Lib_MathDouble.c,477 :: 		
0x00E8	0x6A01      	CLRF        R1, 0
;__Lib_MathDouble.c,478 :: 		
0x00EA	0x960E      	BCF         R14, 3, 0
;__Lib_MathDouble.c,479 :: 		
0x00EC	0x880E      	BSF         R14, 4, 0
;__Lib_MathDouble.c,481 :: 		
0x00EE	0x5002      	MOVF        R2, 0, 0
;__Lib_MathDouble.c,482 :: 		
0x00F0	0xB4D8      	BTFSC       STATUS, 2, 0
;__Lib_MathDouble.c,483 :: 		
0x00F2	0xF000EF8D  	GOTO        JPNRES032
;__Lib_MathDouble.c,484 :: 		
NORM3232:
;__Lib_MathDouble.c,485 :: 		
0x00F6	0x500E      	MOVF        R14, 0, 0
;__Lib_MathDouble.c,486 :: 		
0x00F8	0x5E03      	SUBWF       R3, 1, 0
;__Lib_MathDouble.c,487 :: 		
0x00FA	0xA4D8      	BTFSS       STATUS, 2, 0
;__Lib_MathDouble.c,488 :: 		
0x00FC	0xA0D8      	BTFSS       STATUS, 0, 0
;__Lib_MathDouble.c,489 :: 		
0x00FE	0xF000EF92  	GOTO        JPNSETFUN32
;__Lib_MathDouble.c,490 :: 		
0x0102	0x90D8      	BCF         STATUS, 0, 0
;__Lib_MathDouble.c,491 :: 		
NORM3232A:
;__Lib_MathDouble.c,492 :: 		
0x0104	0xBE02      	BTFSC       R2, 7, 0
;__Lib_MathDouble.c,493 :: 		
0x0106	0xF000EF97  	GOTO        JMPNFIXSIGN32
;__Lib_MathDouble.c,494 :: 		
0x010A	0x3600      	RLCF        R0, 1, 0
;__Lib_MathDouble.c,495 :: 		
0x010C	0x3601      	RLCF        R1, 1, 0
;__Lib_MathDouble.c,496 :: 		
0x010E	0x3602      	RLCF        R2, 1, 0
;__Lib_MathDouble.c,497 :: 		
0x0110	0x2E03      	DECFSZ      R3, 1, 0
;__Lib_MathDouble.c,498 :: 		
0x0112	0xF000EF82  	GOTO        NORM3232A
;__Lib_MathDouble.c,499 :: 		
0x0116	0xF000EF92  	GOTO        JPNSETFUN32
;__Lib_MathDouble.c,500 :: 		
JPNRES032:
;__Lib_MathDouble.c,501 :: 		
0x011A	0x0E01      	MOVLW       1
;__Lib_MathDouble.c,502 :: 		
0x011C	0x6E0C      	MOVWF       R12, 0
;__Lib_MathDouble.c,504 :: 		
0x011E	0xDFAA      	RCALL       _RES032
;__Lib_MathDouble.c,506 :: 		
0x0120	0xF000EF9A  	GOTO        NORM32EEE
;__Lib_MathDouble.c,507 :: 		
JPNSETFUN32:
;__Lib_MathDouble.c,508 :: 		
0x0124	0x0E02      	MOVLW       2
;__Lib_MathDouble.c,509 :: 		
0x0126	0x6E0C      	MOVWF       R12, 0
;__Lib_MathDouble.c,511 :: 		
0x0128	0xDF79      	RCALL       _SETFUN32
;__Lib_MathDouble.c,513 :: 		
0x012A	0xF000EF9A  	GOTO        NORM32EEE
;__Lib_MathDouble.c,514 :: 		
JMPNFIXSIGN32:
;__Lib_MathDouble.c,515 :: 		
0x012E	0x0E04      	MOVLW       4
;__Lib_MathDouble.c,516 :: 		
0x0130	0x6E0C      	MOVWF       R12, 0
;__Lib_MathDouble.c,518 :: 		
0x0132	0xDF81      	RCALL       _FIXSIGN32
;__Lib_MathDouble.c,520 :: 		
NORM32EEE:
;__Lib_MathDouble.c,527 :: 		
L_end_NRM3232:
0x0134	0x0012      	RETURN      0
; end of _NRM3232
_SETFDZ32:
;__Lib_MathDouble.c,106 :: 		
;__Lib_MathDouble.c,110 :: 		
0x0136	0x6A0B      	CLRF        R11, 0
;__Lib_MathDouble.c,111 :: 		
0x0138	0x860B      	BSF         R11, 3, 0
;__Lib_MathDouble.c,112 :: 		
0x013A	0x0EFF      	MOVLW       255
;__Lib_MathDouble.c,114 :: 		
L_end_SETFDZ32:
0x013C	0x0012      	RETURN      0
; end of _SETFDZ32
_WordToStr:
;__Lib_Conversions.c,98 :: 		
;__Lib_Conversions.c,103 :: 		
0x013E	0x0100      	MOVLB       0
0x0140	0x6BE2      	CLRF        WordToStr_len_L0, 1
L_WordToStr11:
0x0142	0x0E05      	MOVLW       5
0x0144	0x5DE2      	SUBWF       WordToStr_len_L0, 0, 1
0x0146	0xE20A      	BC          L_WordToStr12
;__Lib_Conversions.c,104 :: 		
0x0148	0x51E2      	MOVF        WordToStr_len_L0, 0, 1
0x014A	0x25E0      	ADDWF       FARG_WordToStr_output, 0, 1
0x014C	0x6EE1      	MOVWF       FSR1L 
0x014E	0x0E00      	MOVLW       0
0x0150	0x21E1      	ADDWFC      FARG_WordToStr_output+1, 0, 1
0x0152	0x6EE2      	MOVWF       FSR1H 
0x0154	0x0E20      	MOVLW       32
0x0156	0x6EE6      	MOVWF       POSTINC1 
;__Lib_Conversions.c,103 :: 		
0x0158	0x2BE2      	INCF        WordToStr_len_L0, 1, 1
;__Lib_Conversions.c,104 :: 		
0x015A	0xD7F3      	BRA         L_WordToStr11
L_WordToStr12:
;__Lib_Conversions.c,105 :: 		
0x015C	0x51E2      	MOVF        WordToStr_len_L0, 0, 1
0x015E	0x25E0      	ADDWF       FARG_WordToStr_output, 0, 1
0x0160	0x6EE1      	MOVWF       FSR1L 
0x0162	0x0E00      	MOVLW       0
0x0164	0x21E1      	ADDWFC      FARG_WordToStr_output+1, 0, 1
0x0166	0x6EE2      	MOVWF       FSR1H 
0x0168	0x6AE6      	CLRF        POSTINC1 
0x016A	0x07E2      	DECF        WordToStr_len_L0, 1, 1
;__Lib_Conversions.c,107 :: 		
L_WordToStr14:
;__Lib_Conversions.c,108 :: 		
0x016C	0x51E2      	MOVF        WordToStr_len_L0, 0, 1
0x016E	0x25E0      	ADDWF       FARG_WordToStr_output, 0, 1
0x0170	0x6FE3      	MOVWF       FLOC__WordToStr, 1
0x0172	0x0E00      	MOVLW       0
0x0174	0x21E1      	ADDWFC      FARG_WordToStr_output+1, 0, 1
0x0176	0x6FE4      	MOVWF       FLOC__WordToStr+1, 1
0x0178	0x0E0A      	MOVLW       10
0x017A	0x6E04      	MOVWF       R4 
0x017C	0x0E00      	MOVLW       0
0x017E	0x6E05      	MOVWF       R5 
0x0180	0xF000C0DE  	MOVFF       FARG_WordToStr_input, R0
0x0184	0xF001C0DF  	MOVFF       FARG_WordToStr_input+1, R1
0x0188	0xDF5A      	RCALL       _Div_16X16_U
0x018A	0xF000C008  	MOVFF       R8, R0
0x018E	0xF001C009  	MOVFF       R9, R1
0x0192	0x0E30      	MOVLW       48
0x0194	0x2600      	ADDWF       R0, 1 
0x0196	0xFFE1C0E3  	MOVFF       FLOC__WordToStr, FSR1L
0x019A	0xFFE2C0E4  	MOVFF       FLOC__WordToStr+1, FSR1H
0x019E	0xFFE6C000  	MOVFF       R0, POSTINC1
;__Lib_Conversions.c,109 :: 		
0x01A2	0x0E0A      	MOVLW       10
0x01A4	0x6E04      	MOVWF       R4 
0x01A6	0x0E00      	MOVLW       0
0x01A8	0x6E05      	MOVWF       R5 
0x01AA	0xF000C0DE  	MOVFF       FARG_WordToStr_input, R0
0x01AE	0xF001C0DF  	MOVFF       FARG_WordToStr_input+1, R1
0x01B2	0xDF45      	RCALL       _Div_16X16_U
0x01B4	0xF0DEC000  	MOVFF       R0, FARG_WordToStr_input
0x01B8	0xF0DFC001  	MOVFF       R1, FARG_WordToStr_input+1
;__Lib_Conversions.c,110 :: 		
0x01BC	0x0E00      	MOVLW       0
0x01BE	0x1801      	XORWF       R1, 0 
0x01C0	0xE102      	BNZ         L__WordToStr159
0x01C2	0x0E00      	MOVLW       0
0x01C4	0x1800      	XORWF       R0, 0 
L__WordToStr159:
0x01C6	0xE101      	BNZ         L_WordToStr16
;__Lib_Conversions.c,111 :: 		
0x01C8	0xD002      	BRA         L_WordToStr15
L_WordToStr16:
;__Lib_Conversions.c,112 :: 		
0x01CA	0x07E2      	DECF        WordToStr_len_L0, 1, 1
;__Lib_Conversions.c,113 :: 		
0x01CC	0xD7CF      	BRA         L_WordToStr14
L_WordToStr15:
;__Lib_Conversions.c,114 :: 		
L_end_WordToStr:
0x01CE	0x0012      	RETURN      0
; end of _WordToStr
_strcpy:
;__Lib_CString.c,126 :: 		
;__Lib_CString.c,129 :: 		
0x01D0	0xF004C0DE  	MOVFF       FARG_strcpy_to, R4
0x01D4	0xF005C0DF  	MOVFF       FARG_strcpy_to+1, R5
;__Lib_CString.c,130 :: 		
L_strcpy34:
0x01D8	0xF002C004  	MOVFF       R4, R2
0x01DC	0xF003C005  	MOVFF       R5, R3
0x01E0	0x4A04      	INFSNZ      R4, 1 
0x01E2	0x2A05      	INCF        R5, 1 
0x01E4	0xF000C0E0  	MOVFF       FARG_strcpy_from, R0
0x01E8	0xF001C0E1  	MOVFF       FARG_strcpy_from+1, R1
0x01EC	0x0100      	MOVLB       0
0x01EE	0x4BE0      	INFSNZ      FARG_strcpy_from, 1, 1
0x01F0	0x2BE1      	INCF        FARG_strcpy_from+1, 1, 1
0x01F2	0xFFE9C000  	MOVFF       R0, FSR0L
0x01F6	0xFFEAC001  	MOVFF       R1, FSR0H
0x01FA	0xFFE1C002  	MOVFF       R2, FSR1L
0x01FE	0xFFE2C003  	MOVFF       R3, FSR1H
0x0202	0xFFE6CFEE  	MOVFF       POSTINC0, POSTINC1
0x0206	0xFFE9C002  	MOVFF       R2, FSR0L
0x020A	0xFFEAC003  	MOVFF       R3, FSR0H
0x020E	0x52EE      	MOVF        POSTINC0, 1 
0x0210	0xE001      	BZ          L_strcpy35
;__Lib_CString.c,131 :: 		
0x0212	0xD7E2      	BRA         L_strcpy34
L_strcpy35:
;__Lib_CString.c,132 :: 		
0x0214	0xF000C0DE  	MOVFF       FARG_strcpy_to, R0
0x0218	0xF001C0DF  	MOVFF       FARG_strcpy_to+1, R1
;__Lib_CString.c,133 :: 		
L_end_strcpy:
0x021C	0x0012      	RETURN      0
; end of _strcpy
_UART1_Write_Text:
;__Lib_UART_c67.c,66 :: 		
;__Lib_UART_c67.c,67 :: 		
0x021E	0x0100      	MOVLB       0
0x0220	0x6BE1      	CLRF        UART1_Write_Text_counter_L0, 1
;__Lib_UART_c67.c,69 :: 		
0x0222	0xFFE9C0DE  	MOVFF       FARG_UART1_Write_Text_uart_text, FSR0L
0x0226	0xFFEAC0DF  	MOVFF       FARG_UART1_Write_Text_uart_text+1, FSR0H
0x022A	0xF0E0CFEE  	MOVFF       POSTINC0, UART1_Write_Text_data__L0
;__Lib_UART_c67.c,70 :: 		
L_UART1_Write_Text5:
0x022E	0x51E0      	MOVF        UART1_Write_Text_data__L0, 0, 1
0x0230	0x0A00      	XORLW       0
0x0232	0xE00E      	BZ          L_UART1_Write_Text6
;__Lib_UART_c67.c,71 :: 		
0x0234	0xF0E5C0E0  	MOVFF       UART1_Write_Text_data__L0, FARG_UART1_Write_data_
0x0238	0xDF24      	RCALL       _UART1_Write
;__Lib_UART_c67.c,72 :: 		
0x023A	0x0100      	MOVLB       0
0x023C	0x2BE1      	INCF        UART1_Write_Text_counter_L0, 1, 1
;__Lib_UART_c67.c,73 :: 		
0x023E	0x51E1      	MOVF        UART1_Write_Text_counter_L0, 0, 1
0x0240	0x25DE      	ADDWF       FARG_UART1_Write_Text_uart_text, 0, 1
0x0242	0x6EE9      	MOVWF       FSR0L 
0x0244	0x0E00      	MOVLW       0
0x0246	0x21DF      	ADDWFC      FARG_UART1_Write_Text_uart_text+1, 0, 1
0x0248	0x6EEA      	MOVWF       FSR0H 
0x024A	0xF0E0CFEE  	MOVFF       POSTINC0, UART1_Write_Text_data__L0
;__Lib_UART_c67.c,74 :: 		
0x024E	0xD7EF      	BRA         L_UART1_Write_Text5
L_UART1_Write_Text6:
;__Lib_UART_c67.c,75 :: 		
L_end_UART1_Write_Text:
0x0250	0x0012      	RETURN      0
; end of _UART1_Write_Text
_strcat:
;__Lib_CString.c,87 :: 		
;__Lib_CString.c,90 :: 		
0x0252	0xF004C0DE  	MOVFF       FARG_strcat_to, R4
0x0256	0xF005C0DF  	MOVFF       FARG_strcat_to+1, R5
;__Lib_CString.c,91 :: 		
L_strcat22:
0x025A	0xFFE9C004  	MOVFF       R4, FSR0L
0x025E	0xFFEAC005  	MOVFF       R5, FSR0H
0x0262	0x52EE      	MOVF        POSTINC0, 1 
0x0264	0xE003      	BZ          L_strcat23
;__Lib_CString.c,92 :: 		
0x0266	0x4A04      	INFSNZ      R4, 1 
0x0268	0x2A05      	INCF        R5, 1 
0x026A	0xD7F7      	BRA         L_strcat22
L_strcat23:
;__Lib_CString.c,93 :: 		
L_strcat24:
0x026C	0xF002C004  	MOVFF       R4, R2
0x0270	0xF003C005  	MOVFF       R5, R3
0x0274	0x4A04      	INFSNZ      R4, 1 
0x0276	0x2A05      	INCF        R5, 1 
0x0278	0xF000C0E0  	MOVFF       FARG_strcat_from, R0
0x027C	0xF001C0E1  	MOVFF       FARG_strcat_from+1, R1
0x0280	0x0100      	MOVLB       0
0x0282	0x4BE0      	INFSNZ      FARG_strcat_from, 1, 1
0x0284	0x2BE1      	INCF        FARG_strcat_from+1, 1, 1
0x0286	0xFFE9C000  	MOVFF       R0, FSR0L
0x028A	0xFFEAC001  	MOVFF       R1, FSR0H
0x028E	0xFFE1C002  	MOVFF       R2, FSR1L
0x0292	0xFFE2C003  	MOVFF       R3, FSR1H
0x0296	0xFFE6CFEE  	MOVFF       POSTINC0, POSTINC1
0x029A	0xFFE9C002  	MOVFF       R2, FSR0L
0x029E	0xFFEAC003  	MOVFF       R3, FSR0H
0x02A2	0x52EE      	MOVF        POSTINC0, 1 
0x02A4	0xE001      	BZ          L_strcat25
;__Lib_CString.c,94 :: 		
0x02A6	0xD7E2      	BRA         L_strcat24
L_strcat25:
;__Lib_CString.c,95 :: 		
0x02A8	0xF000C0DE  	MOVFF       FARG_strcat_to, R0
0x02AC	0xF001C0DF  	MOVFF       FARG_strcat_to+1, R1
;__Lib_CString.c,96 :: 		
L_end_strcat:
0x02B0	0x0012      	RETURN      0
; end of _strcat
_Delay_22us:
;__Lib_Delays.c,15 :: 		void Delay_22us() {
;__Lib_Delays.c,16 :: 		Delay_us(22);
0x02B2	0x0E0E      	MOVLW       14
0x02B4	0x6E0D      	MOVWF       R13, 0
L_Delay_22us1:
0x02B6	0x2E0D      	DECFSZ      R13, 1, 0
0x02B8	0xD7FE      	BRA         L_Delay_22us1
0x02BA	0x0000      	NOP
;__Lib_Delays.c,17 :: 		}
L_end_Delay_22us:
0x02BC	0x0012      	RETURN      0
; end of _Delay_22us
___CC2DW:
;__Lib_System.c,21 :: 		
;__Lib_System.c,23 :: 		
_CC2DL_Loop1:
;__Lib_System.c,24 :: 		
0x02BE	0x0009      	TBLRD*+
;__Lib_System.c,25 :: 		
0x02C0	0xFFE6CFF5  	MOVFF       TABLAT, POSTINC1
;__Lib_System.c,26 :: 		
0x02C4	0x0600      	DECF        R0, 1, 0
;__Lib_System.c,27 :: 		
0x02C6	0xE1FB      	BNZ         _CC2DL_Loop1
;__Lib_System.c,28 :: 		
0x02C8	0x0601      	DECF        R1, 1, 0
;__Lib_System.c,29 :: 		
0x02CA	0xE1F9      	BNZ         _CC2DL_Loop1
;__Lib_System.c,31 :: 		
L_end___CC2DW:
0x02CC	0x0012      	RETURN      0
; end of ___CC2DW
_UART1_Init:
;__Lib_UART_c67.c,15 :: 		
;__Lib_UART_c67.c,18 :: 		
0x02CE	0x0E82      	MOVLW       _UART1_Write
0x02D0	0x0100      	MOVLB       0
0x02D2	0x6FC8      	MOVWF       _UART_Wr_Ptr, 1
0x02D4	0x0E00      	MOVLW       hi_addr(_UART1_Write)
0x02D6	0x6FC9      	MOVWF       _UART_Wr_Ptr+1, 1
0x02D8	0x0EE5      	MOVLW       FARG_UART1_Write_data_
0x02DA	0x6FCA      	MOVWF       _UART_Wr_Ptr+2, 1
0x02DC	0x0E00      	MOVLW       hi_addr(FARG_UART1_Write_data_)
0x02DE	0x6FCB      	MOVWF       _UART_Wr_Ptr+3, 1
;__Lib_UART_c67.c,19 :: 		
0x02E0	0x0EFF      	MOVLW       _UART1_Read
0x02E2	0x6FC4      	MOVWF       _UART_Rd_Ptr, 1
0x02E4	0x0EFF      	MOVLW       hi_addr(_UART1_Read)
0x02E6	0x6FC5      	MOVWF       _UART_Rd_Ptr+1, 1
0x02E8	0x0E00      	MOVLW       0
0x02EA	0x6FC6      	MOVWF       _UART_Rd_Ptr+2, 1
0x02EC	0x0E00      	MOVLW       0
0x02EE	0x6FC7      	MOVWF       _UART_Rd_Ptr+3, 1
;__Lib_UART_c67.c,20 :: 		
0x02F0	0x0EFF      	MOVLW       _UART1_Data_Ready
0x02F2	0x6FC0      	MOVWF       _UART_Rdy_Ptr, 1
0x02F4	0x0EFF      	MOVLW       hi_addr(_UART1_Data_Ready)
0x02F6	0x6FC1      	MOVWF       _UART_Rdy_Ptr+1, 1
0x02F8	0x0E00      	MOVLW       0
0x02FA	0x6FC2      	MOVWF       _UART_Rdy_Ptr+2, 1
0x02FC	0x0E00      	MOVLW       0
0x02FE	0x6FC3      	MOVWF       _UART_Rdy_Ptr+3, 1
;__Lib_UART_c67.c,21 :: 		
0x0300	0x0EFF      	MOVLW       _UART1_Tx_Idle
0x0302	0x6FCC      	MOVWF       _UART_Tx_Idle_Ptr, 1
0x0304	0x0EFF      	MOVLW       hi_addr(_UART1_Tx_Idle)
0x0306	0x6FCD      	MOVWF       _UART_Tx_Idle_Ptr+1, 1
0x0308	0x0E00      	MOVLW       0
0x030A	0x6FCE      	MOVWF       _UART_Tx_Idle_Ptr+2, 1
0x030C	0x0E00      	MOVLW       0
0x030E	0x6FCF      	MOVWF       _UART_Tx_Idle_Ptr+3, 1
;__Lib_UART_c67.c,23 :: 		
0x0310	0x8AAC      	BSF         TXSTA, 5 
;__Lib_UART_c67.c,24 :: 		
0x0312	0x0E90      	MOVLW       144
0x0314	0x6EAB      	MOVWF       RCSTA 
;__Lib_UART_c67.c,25 :: 		
0x0316	0x8E94      	BSF         TRISC7_bit, BitPos(TRISC7_bit+0) 
;__Lib_UART_c67.c,26 :: 		
0x0318	0x9C94      	BCF         TRISC6_bit, BitPos(TRISC6_bit+0) 
;__Lib_UART_c67.c,28 :: 		
L_UART1_Init0:
0x031A	0xAA9E      	BTFSS       PIR1, 5 
0x031C	0xD003      	BRA         L_UART1_Init1
;__Lib_UART_c67.c,29 :: 		
0x031E	0xF000CFAE  	MOVFF       RCREG, R0
0x0322	0xD7FB      	BRA         L_UART1_Init0
L_UART1_Init1:
;__Lib_UART_c67.c,30 :: 		
L_end_UART1_Init:
0x0324	0x0012      	RETURN      0
; end of _UART1_Init
_ADC_Init:
;__Lib_ADC_A_D.c,13 :: 		
;__Lib_ADC_A_D.c,14 :: 		
0x0326	0x0EFF      	MOVLW       _ADC_Get_Sample
0x0328	0x0100      	MOVLB       0
0x032A	0x6FD0      	MOVWF       _ADC_Get_Sample_Ptr, 1
0x032C	0x0EFF      	MOVLW       hi_addr(_ADC_Get_Sample)
0x032E	0x6FD1      	MOVWF       _ADC_Get_Sample_Ptr+1, 1
0x0330	0x0EFF      	MOVLW       FARG_ADC_Get_Sample_channel
0x0332	0x6FD2      	MOVWF       _ADC_Get_Sample_Ptr+2, 1
0x0334	0x0EFF      	MOVLW       hi_addr(FARG_ADC_Get_Sample_channel)
0x0336	0x6FD3      	MOVWF       _ADC_Get_Sample_Ptr+3, 1
;__Lib_ADC_A_D.c,16 :: 		
0x0338	0x6AC2      	CLRF        ADCON0 
;__Lib_ADC_A_D.c,17 :: 		
0x033A	0x1DBF      	COMF        _vref_mask, 0, 1
0x033C	0x6E00      	MOVWF       R0 
0x033E	0x5000      	MOVF        R0, 0 
0x0340	0x16C1      	ANDWF       ADCON1, 1 
;__Lib_ADC_A_D.c,18 :: 		
0x0342	0x0E07      	MOVLW       7
0x0344	0x12C0      	IORWF       ADCON2, 1 
;__Lib_ADC_A_D.c,19 :: 		
0x0346	0x8EC0      	BSF         ADCON2, 7 
;__Lib_ADC_A_D.c,20 :: 		
0x0348	0x80C2      	BSF         ADCON0, 0 
;__Lib_ADC_A_D.c,21 :: 		
L_end_ADC_Init:
0x034A	0x0012      	RETURN      0
; end of _ADC_Init
_config_io:
;Level_Control.c,21 :: 		void config_io()
;Level_Control.c,23 :: 		TRISC.RC0=0;
0x034C	0x9094      	BCF         TRISC, 0 
;Level_Control.c,24 :: 		TRISC.RC1=0;
0x034E	0x9294      	BCF         TRISC, 1 
;Level_Control.c,25 :: 		TRISC.RC2=0;
0x0350	0x9494      	BCF         TRISC, 2 
;Level_Control.c,26 :: 		TRISC.RC3=0;
0x0352	0x9694      	BCF         TRISC, 3 
;Level_Control.c,27 :: 		}
L_end_config_io:
0x0354	0x0012      	RETURN      0
; end of _config_io
_ADC_Read:
;__Lib_ADC_A_D.c,51 :: 		
;__Lib_ADC_A_D.c,54 :: 		
0x0356	0x6AC2      	CLRF        ADCON0 
;__Lib_ADC_A_D.c,55 :: 		
0x0358	0x0100      	MOVLB       0
0x035A	0x1DBF      	COMF        _vref_mask, 0, 1
0x035C	0x6E00      	MOVWF       R0 
0x035E	0x5000      	MOVF        R0, 0 
0x0360	0x16C1      	ANDWF       ADCON1, 1 
;__Lib_ADC_A_D.c,56 :: 		
0x0362	0x0E07      	MOVLW       7
0x0364	0x12C0      	IORWF       ADCON2, 1 
;__Lib_ADC_A_D.c,57 :: 		
0x0366	0x8EC0      	BSF         ADCON2, 7 
;__Lib_ADC_A_D.c,58 :: 		
0x0368	0xF000C0D4  	MOVFF       FARG_ADC_Read_channel, R0
0x036C	0x3600      	RLCF        R0, 1 
0x036E	0x9000      	BCF         R0, 0 
0x0370	0x3600      	RLCF        R0, 1 
0x0372	0x9000      	BCF         R0, 0 
0x0374	0x5000      	MOVF        R0, 0 
0x0376	0x12C2      	IORWF       ADCON0, 1 
;__Lib_ADC_A_D.c,59 :: 		
0x0378	0x80C2      	BSF         ADCON0, 0 
;__Lib_ADC_A_D.c,60 :: 		
0x037A	0xDF9B      	RCALL       _Delay_22us
;__Lib_ADC_A_D.c,61 :: 		
0x037C	0x82C2      	BSF         ADCON0, 1 
;__Lib_ADC_A_D.c,62 :: 		
L_ADC_Read2:
0x037E	0xA2C2      	BTFSS       ADCON0, 1 
0x0380	0xD001      	BRA         L_ADC_Read3
;__Lib_ADC_A_D.c,63 :: 		
0x0382	0xD7FD      	BRA         L_ADC_Read2
L_ADC_Read3:
;__Lib_ADC_A_D.c,64 :: 		
0x0384	0xF001CFC4  	MOVFF       ADRESH, R1
0x0388	0x6A00      	CLRF        R0 
;__Lib_ADC_A_D.c,65 :: 		
0x038A	0x50C3      	MOVF        ADRESL, 0 
0x038C	0x1200      	IORWF       R0, 1 
0x038E	0x0E00      	MOVLW       0
0x0390	0x1201      	IORWF       R1, 1 
;__Lib_ADC_A_D.c,66 :: 		
0x0392	0x90C2      	BCF         ADCON0, 0 
;__Lib_ADC_A_D.c,68 :: 		
;__Lib_ADC_A_D.c,69 :: 		
L_end_ADC_Read:
0x0394	0x0012      	RETURN      0
; end of _ADC_Read
_IntToStr:
;__Lib_Conversions.c,195 :: 		
;__Lib_Conversions.c,201 :: 		
0x0396	0x0100      	MOVLB       0
0x0398	0x6BDA      	CLRF        IntToStr_negative_L0, 1
0x039A	0x6BDB      	CLRF        IntToStr_negative_L0+1, 1
;__Lib_Conversions.c,202 :: 		
0x039C	0xF0DCC0D4  	MOVFF       FARG_IntToStr_input, IntToStr_inword_L0
0x03A0	0xF0DDC0D5  	MOVFF       FARG_IntToStr_input+1, IntToStr_inword_L0+1
;__Lib_Conversions.c,203 :: 		
0x03A4	0x0E80      	MOVLW       128
0x03A6	0x19D5      	XORWF       FARG_IntToStr_input+1, 0, 1
0x03A8	0x6E00      	MOVWF       R0 
0x03AA	0x0E80      	MOVLW       128
0x03AC	0x5C00      	SUBWF       R0, 0 
0x03AE	0xE102      	BNZ         L__IntToStr167
0x03B0	0x0E00      	MOVLW       0
0x03B2	0x5DD4      	SUBWF       FARG_IntToStr_input, 0, 1
L__IntToStr167:
0x03B4	0xE20B      	BC          L_IntToStr37
;__Lib_Conversions.c,204 :: 		
0x03B6	0x0E01      	MOVLW       1
0x03B8	0x6FDA      	MOVWF       IntToStr_negative_L0, 1
0x03BA	0x0E00      	MOVLW       0
0x03BC	0x6FDB      	MOVWF       IntToStr_negative_L0+1, 1
;__Lib_Conversions.c,205 :: 		
0x03BE	0x51D4      	MOVF        FARG_IntToStr_input, 0, 1
0x03C0	0x0800      	SUBLW       0
0x03C2	0x6FDC      	MOVWF       IntToStr_inword_L0, 1
0x03C4	0xF0DDC0D5  	MOVFF       FARG_IntToStr_input+1, IntToStr_inword_L0+1
0x03C8	0x0E00      	MOVLW       0
0x03CA	0x57DD      	SUBFWB      IntToStr_inword_L0+1, 1, 1
;__Lib_Conversions.c,206 :: 		
L_IntToStr37:
;__Lib_Conversions.c,207 :: 		
0x03CC	0xF0DEC0DC  	MOVFF       IntToStr_inword_L0, FARG_WordToStr_input
0x03D0	0xF0DFC0DD  	MOVFF       IntToStr_inword_L0+1, FARG_WordToStr_input+1
0x03D4	0xF0E0C0D6  	MOVFF       FARG_IntToStr_output, FARG_WordToStr_output
0x03D8	0xF0E1C0D7  	MOVFF       FARG_IntToStr_output+1, FARG_WordToStr_output+1
0x03DC	0xDEB0      	RCALL       _WordToStr
;__Lib_Conversions.c,209 :: 		
0x03DE	0x0E06      	MOVLW       6
0x03E0	0x6FD8      	MOVWF       IntToStr_i_L0, 1
0x03E2	0x0E00      	MOVLW       0
0x03E4	0x6FD9      	MOVWF       IntToStr_i_L0+1, 1
;__Lib_Conversions.c,210 :: 		
L_IntToStr38:
0x03E6	0x0E00      	MOVLW       0
0x03E8	0x6E00      	MOVWF       R0 
0x03EA	0x51D9      	MOVF        IntToStr_i_L0+1, 0, 1
0x03EC	0x5C00      	SUBWF       R0, 0 
0x03EE	0xE102      	BNZ         L__IntToStr168
0x03F0	0x51D8      	MOVF        IntToStr_i_L0, 0, 1
0x03F2	0x0800      	SUBLW       0
L__IntToStr168:
0x03F4	0xE219      	BC          L_IntToStr39
;__Lib_Conversions.c,211 :: 		
0x03F6	0x51D8      	MOVF        IntToStr_i_L0, 0, 1
0x03F8	0x25D6      	ADDWF       FARG_IntToStr_output, 0, 1
0x03FA	0x6EE1      	MOVWF       FSR1L 
0x03FC	0x51D9      	MOVF        IntToStr_i_L0+1, 0, 1
0x03FE	0x21D7      	ADDWFC      FARG_IntToStr_output+1, 0, 1
0x0400	0x6EE2      	MOVWF       FSR1H 
0x0402	0x0E01      	MOVLW       1
0x0404	0x5DD8      	SUBWF       IntToStr_i_L0, 0, 1
0x0406	0x6E00      	MOVWF       R0 
0x0408	0x0E00      	MOVLW       0
0x040A	0x59D9      	SUBWFB      IntToStr_i_L0+1, 0, 1
0x040C	0x6E01      	MOVWF       R1 
0x040E	0x5000      	MOVF        R0, 0 
0x0410	0x25D6      	ADDWF       FARG_IntToStr_output, 0, 1
0x0412	0x6EE9      	MOVWF       FSR0L 
0x0414	0x5001      	MOVF        R1, 0 
0x0416	0x21D7      	ADDWFC      FARG_IntToStr_output+1, 0, 1
0x0418	0x6EEA      	MOVWF       FSR0H 
0x041A	0xFFE6CFEE  	MOVFF       POSTINC0, POSTINC1
;__Lib_Conversions.c,212 :: 		
0x041E	0x0E01      	MOVLW       1
0x0420	0x5FD8      	SUBWF       IntToStr_i_L0, 1, 1
0x0422	0x0E00      	MOVLW       0
0x0424	0x5BD9      	SUBWFB      IntToStr_i_L0+1, 1, 1
;__Lib_Conversions.c,213 :: 		
0x0426	0xD7DF      	BRA         L_IntToStr38
L_IntToStr39:
;__Lib_Conversions.c,214 :: 		
0x0428	0xFFE1C0D6  	MOVFF       FARG_IntToStr_output, FSR1L
0x042C	0xFFE2C0D7  	MOVFF       FARG_IntToStr_output+1, FSR1H
0x0430	0x0E20      	MOVLW       32
0x0432	0x6EE6      	MOVWF       POSTINC1 
;__Lib_Conversions.c,215 :: 		
0x0434	0x51DA      	MOVF        IntToStr_negative_L0, 0, 1
0x0436	0x11DB      	IORWF       IntToStr_negative_L0+1, 0, 1
0x0438	0xE01A      	BZ          L_IntToStr40
;__Lib_Conversions.c,216 :: 		
0x043A	0x6BD8      	CLRF        IntToStr_i_L0, 1
0x043C	0x6BD9      	CLRF        IntToStr_i_L0+1, 1
;__Lib_Conversions.c,217 :: 		
L_IntToStr41:
0x043E	0x51D8      	MOVF        IntToStr_i_L0, 0, 1
0x0440	0x25D6      	ADDWF       FARG_IntToStr_output, 0, 1
0x0442	0x6EE9      	MOVWF       FSR0L 
0x0444	0x51D9      	MOVF        IntToStr_i_L0+1, 0, 1
0x0446	0x21D7      	ADDWFC      FARG_IntToStr_output+1, 0, 1
0x0448	0x6EEA      	MOVWF       FSR0H 
0x044A	0x50EE      	MOVF        POSTINC0, 0 
0x044C	0x0A20      	XORLW       32
0x044E	0xE103      	BNZ         L_IntToStr42
0x0450	0x4BD8      	INFSNZ      IntToStr_i_L0, 1, 1
0x0452	0x2BD9      	INCF        IntToStr_i_L0+1, 1, 1
0x0454	0xD7F4      	BRA         L_IntToStr41
L_IntToStr42:
;__Lib_Conversions.c,218 :: 		
0x0456	0x0E01      	MOVLW       1
0x0458	0x5FD8      	SUBWF       IntToStr_i_L0, 1, 1
0x045A	0x0E00      	MOVLW       0
0x045C	0x5BD9      	SUBWFB      IntToStr_i_L0+1, 1, 1
;__Lib_Conversions.c,219 :: 		
0x045E	0x51D8      	MOVF        IntToStr_i_L0, 0, 1
0x0460	0x25D6      	ADDWF       FARG_IntToStr_output, 0, 1
0x0462	0x6EE1      	MOVWF       FSR1L 
0x0464	0x51D9      	MOVF        IntToStr_i_L0+1, 0, 1
0x0466	0x21D7      	ADDWFC      FARG_IntToStr_output+1, 0, 1
0x0468	0x6EE2      	MOVWF       FSR1H 
0x046A	0x0E2D      	MOVLW       45
0x046C	0x6EE6      	MOVWF       POSTINC1 
L_IntToStr40:
;__Lib_Conversions.c,220 :: 		
L_end_IntToStr:
0x046E	0x0012      	RETURN      0
; end of _IntToStr
_Ltrim:
;__Lib_Conversions.c,421 :: 		
;__Lib_Conversions.c,425 :: 		
0x0470	0x0100      	MOVLB       0
0x0472	0x6BD6      	CLRF        Ltrim_trimmed_L0, 1
0x0474	0x6BD7      	CLRF        Ltrim_trimmed_L0+1, 1
;__Lib_Conversions.c,426 :: 		
0x0476	0xF003C0D4  	MOVFF       FARG_Ltrim_string, R3
0x047A	0xF004C0D5  	MOVFF       FARG_Ltrim_string+1, R4
;__Lib_Conversions.c,427 :: 		
0x047E	0xF005C0D4  	MOVFF       FARG_Ltrim_string, R5
0x0482	0xF006C0D5  	MOVFF       FARG_Ltrim_string+1, R6
;__Lib_Conversions.c,428 :: 		
L_Ltrim84:
;__Lib_Conversions.c,429 :: 		
0x0486	0xFFE9C003  	MOVFF       R3, FSR0L
0x048A	0xFFEAC004  	MOVFF       R4, FSR0H
0x048E	0x50EE      	MOVF        POSTINC0, 0 
0x0490	0x0A20      	XORLW       32
0x0492	0xE104      	BNZ         L__Ltrim147
0x0494	0x51D6      	MOVF        Ltrim_trimmed_L0, 0, 1
0x0496	0x11D7      	IORWF       Ltrim_trimmed_L0+1, 0, 1
0x0498	0xE101      	BNZ         L__Ltrim147
0x049A	0xD010      	BRA         L_Ltrim89
L__Ltrim147:
;__Lib_Conversions.c,430 :: 		
0x049C	0x0E01      	MOVLW       1
0x049E	0x6FD6      	MOVWF       Ltrim_trimmed_L0, 1
0x04A0	0x0E00      	MOVLW       0
0x04A2	0x6FD7      	MOVWF       Ltrim_trimmed_L0+1, 1
;__Lib_Conversions.c,431 :: 		
0x04A4	0xFFE9C003  	MOVFF       R3, FSR0L
0x04A8	0xFFEAC004  	MOVFF       R4, FSR0H
0x04AC	0xFFE1C005  	MOVFF       R5, FSR1L
0x04B0	0xFFE2C006  	MOVFF       R6, FSR1H
0x04B4	0xFFE6CFEE  	MOVFF       POSTINC0, POSTINC1
0x04B8	0x4A05      	INFSNZ      R5, 1 
0x04BA	0x2A06      	INCF        R6, 1 
;__Lib_Conversions.c,432 :: 		
L_Ltrim89:
;__Lib_Conversions.c,434 :: 		
0x04BC	0xF001C003  	MOVFF       R3, R1
0x04C0	0xF002C004  	MOVFF       R4, R2
0x04C4	0x4A03      	INFSNZ      R3, 1 
0x04C6	0x2A04      	INCF        R4, 1 
0x04C8	0xFFE9C001  	MOVFF       R1, FSR0L
0x04CC	0xFFEAC002  	MOVFF       R2, FSR0H
0x04D0	0x50EE      	MOVF        POSTINC0, 0 
0x04D2	0x0A00      	XORLW       0
0x04D4	0xE1D8      	BNZ         L_Ltrim84
;__Lib_Conversions.c,435 :: 		
0x04D6	0xF000C0D4  	MOVFF       FARG_Ltrim_string, R0
0x04DA	0xF001C0D5  	MOVFF       FARG_Ltrim_string+1, R1
;__Lib_Conversions.c,436 :: 		
L_end_Ltrim:
0x04DE	0x0012      	RETURN      0
; end of _Ltrim
_transmiter_data:
;Level_Control.c,28 :: 		void transmiter_data()
;Level_Control.c,30 :: 		strcpy(sText,"");
0x04E0	0x0E27      	MOVLW       _sText
0x04E2	0x0100      	MOVLB       0
0x04E4	0x6FDE      	MOVWF       FARG_strcpy_to, 1
0x04E6	0x0E00      	MOVLW       hi_addr(_sText)
0x04E8	0x6FDF      	MOVWF       FARG_strcpy_to+1, 1
0x04EA	0x0E1D      	MOVLW       ?lstr1_Level_Control
0x04EC	0x6FE0      	MOVWF       FARG_strcpy_from, 1
0x04EE	0x0E00      	MOVLW       hi_addr(?lstr1_Level_Control)
0x04F0	0x6FE1      	MOVWF       FARG_strcpy_from+1, 1
0x04F2	0xDE6E      	RCALL       _strcpy
;Level_Control.c,31 :: 		strcat(sText,"$Dados,");
0x04F4	0x0E27      	MOVLW       _sText
0x04F6	0x6FDE      	MOVWF       FARG_strcat_to, 1
0x04F8	0x0E00      	MOVLW       hi_addr(_sText)
0x04FA	0x6FDF      	MOVWF       FARG_strcat_to+1, 1
0x04FC	0x0E15      	MOVLW       ?lstr2_Level_Control
0x04FE	0x6FE0      	MOVWF       FARG_strcat_from, 1
0x0500	0x0E00      	MOVLW       hi_addr(?lstr2_Level_Control)
0x0502	0x6FE1      	MOVWF       FARG_strcat_from+1, 1
0x0504	0xDEA6      	RCALL       _strcat
;Level_Control.c,32 :: 		strcat(sText,sNivel);
0x0506	0x0E27      	MOVLW       _sText
0x0508	0x6FDE      	MOVWF       FARG_strcat_to, 1
0x050A	0x0E00      	MOVLW       hi_addr(_sText)
0x050C	0x6FDF      	MOVWF       FARG_strcat_to+1, 1
0x050E	0x0E20      	MOVLW       _sNivel
0x0510	0x6FE0      	MOVWF       FARG_strcat_from, 1
0x0512	0x0E00      	MOVLW       hi_addr(_sNivel)
0x0514	0x6FE1      	MOVWF       FARG_strcat_from+1, 1
0x0516	0xDE9D      	RCALL       _strcat
;Level_Control.c,33 :: 		strcat(sText,",");
0x0518	0x0E27      	MOVLW       _sText
0x051A	0x6FDE      	MOVWF       FARG_strcat_to, 1
0x051C	0x0E00      	MOVLW       hi_addr(_sText)
0x051E	0x6FDF      	MOVWF       FARG_strcat_to+1, 1
0x0520	0x0E1E      	MOVLW       ?lstr3_Level_Control
0x0522	0x6FE0      	MOVWF       FARG_strcat_from, 1
0x0524	0x0E00      	MOVLW       hi_addr(?lstr3_Level_Control)
0x0526	0x6FE1      	MOVWF       FARG_strcat_from+1, 1
0x0528	0xDE94      	RCALL       _strcat
;Level_Control.c,34 :: 		strcat(sText,sV1);
0x052A	0x0E27      	MOVLW       _sText
0x052C	0x6FDE      	MOVWF       FARG_strcat_to, 1
0x052E	0x0E00      	MOVLW       hi_addr(_sText)
0x0530	0x6FDF      	MOVWF       FARG_strcat_to+1, 1
0x0532	0x0EAB      	MOVLW       _sV1
0x0534	0x6FE0      	MOVWF       FARG_strcat_from, 1
0x0536	0x0E00      	MOVLW       hi_addr(_sV1)
0x0538	0x6FE1      	MOVWF       FARG_strcat_from+1, 1
0x053A	0xDE8B      	RCALL       _strcat
;Level_Control.c,35 :: 		strcat(sText,",");
0x053C	0x0E27      	MOVLW       _sText
0x053E	0x6FDE      	MOVWF       FARG_strcat_to, 1
0x0540	0x0E00      	MOVLW       hi_addr(_sText)
0x0542	0x6FDF      	MOVWF       FARG_strcat_to+1, 1
0x0544	0x0EA9      	MOVLW       ?lstr4_Level_Control
0x0546	0x6FE0      	MOVWF       FARG_strcat_from, 1
0x0548	0x0E00      	MOVLW       hi_addr(?lstr4_Level_Control)
0x054A	0x6FE1      	MOVWF       FARG_strcat_from+1, 1
0x054C	0xDE82      	RCALL       _strcat
;Level_Control.c,36 :: 		strcat(sText,sV2);
0x054E	0x0E27      	MOVLW       _sText
0x0550	0x6FDE      	MOVWF       FARG_strcat_to, 1
0x0552	0x0E00      	MOVLW       hi_addr(_sText)
0x0554	0x6FDF      	MOVWF       FARG_strcat_to+1, 1
0x0556	0x0EB4      	MOVLW       _sV2
0x0558	0x6FE0      	MOVWF       FARG_strcat_from, 1
0x055A	0x0E00      	MOVLW       hi_addr(_sV2)
0x055C	0x6FE1      	MOVWF       FARG_strcat_from+1, 1
0x055E	0xDE79      	RCALL       _strcat
;Level_Control.c,37 :: 		strcat(sText,",");
0x0560	0x0E27      	MOVLW       _sText
0x0562	0x6FDE      	MOVWF       FARG_strcat_to, 1
0x0564	0x0E00      	MOVLW       hi_addr(_sText)
0x0566	0x6FDF      	MOVWF       FARG_strcat_to+1, 1
0x0568	0x0EB2      	MOVLW       ?lstr5_Level_Control
0x056A	0x6FE0      	MOVWF       FARG_strcat_from, 1
0x056C	0x0E00      	MOVLW       hi_addr(?lstr5_Level_Control)
0x056E	0x6FE1      	MOVWF       FARG_strcat_from+1, 1
0x0570	0xDE70      	RCALL       _strcat
;Level_Control.c,38 :: 		strcat(sText,sV3);
0x0572	0x0E27      	MOVLW       _sText
0x0574	0x6FDE      	MOVWF       FARG_strcat_to, 1
0x0576	0x0E00      	MOVLW       hi_addr(_sText)
0x0578	0x6FDF      	MOVWF       FARG_strcat_to+1, 1
0x057A	0x0EA2      	MOVLW       _sV3
0x057C	0x6FE0      	MOVWF       FARG_strcat_from, 1
0x057E	0x0E00      	MOVLW       hi_addr(_sV3)
0x0580	0x6FE1      	MOVWF       FARG_strcat_from+1, 1
0x0582	0xDE67      	RCALL       _strcat
;Level_Control.c,39 :: 		strcat(sText,",");
0x0584	0x0E27      	MOVLW       _sText
0x0586	0x6FDE      	MOVWF       FARG_strcat_to, 1
0x0588	0x0E00      	MOVLW       hi_addr(_sText)
0x058A	0x6FDF      	MOVWF       FARG_strcat_to+1, 1
0x058C	0x0E9A      	MOVLW       ?lstr6_Level_Control
0x058E	0x6FE0      	MOVWF       FARG_strcat_from, 1
0x0590	0x0E00      	MOVLW       hi_addr(?lstr6_Level_Control)
0x0592	0x6FE1      	MOVWF       FARG_strcat_from+1, 1
0x0594	0xDE5E      	RCALL       _strcat
;Level_Control.c,40 :: 		strcat(sText,sB1);
0x0596	0x0E27      	MOVLW       _sText
0x0598	0x6FDE      	MOVWF       FARG_strcat_to, 1
0x059A	0x0E00      	MOVLW       hi_addr(_sText)
0x059C	0x6FDF      	MOVWF       FARG_strcat_to+1, 1
0x059E	0x0E93      	MOVLW       _sB1
0x05A0	0x6FE0      	MOVWF       FARG_strcat_from, 1
0x05A2	0x0E00      	MOVLW       hi_addr(_sB1)
0x05A4	0x6FE1      	MOVWF       FARG_strcat_from+1, 1
0x05A6	0xDE55      	RCALL       _strcat
;Level_Control.c,41 :: 		strcat(sText,",*");
0x05A8	0x0E27      	MOVLW       _sText
0x05AA	0x6FDE      	MOVWF       FARG_strcat_to, 1
0x05AC	0x0E00      	MOVLW       hi_addr(_sText)
0x05AE	0x6FDF      	MOVWF       FARG_strcat_to+1, 1
0x05B0	0x0E9F      	MOVLW       ?lstr7_Level_Control
0x05B2	0x6FE0      	MOVWF       FARG_strcat_from, 1
0x05B4	0x0E00      	MOVLW       hi_addr(?lstr7_Level_Control)
0x05B6	0x6FE1      	MOVWF       FARG_strcat_from+1, 1
0x05B8	0xDE4C      	RCALL       _strcat
;Level_Control.c,42 :: 		strcat(sText,"\r\n");
0x05BA	0x0E27      	MOVLW       _sText
0x05BC	0x6FDE      	MOVWF       FARG_strcat_to, 1
0x05BE	0x0E00      	MOVLW       hi_addr(_sText)
0x05C0	0x6FDF      	MOVWF       FARG_strcat_to+1, 1
0x05C2	0x0E9C      	MOVLW       ?lstr8_Level_Control
0x05C4	0x6FE0      	MOVWF       FARG_strcat_from, 1
0x05C6	0x0E00      	MOVLW       hi_addr(?lstr8_Level_Control)
0x05C8	0x6FE1      	MOVWF       FARG_strcat_from+1, 1
0x05CA	0xDE43      	RCALL       _strcat
;Level_Control.c,43 :: 		UART1_Write_Text(sText);
0x05CC	0x0E27      	MOVLW       _sText
0x05CE	0x6FDE      	MOVWF       FARG_UART1_Write_Text_uart_text, 1
0x05D0	0x0E00      	MOVLW       hi_addr(_sText)
0x05D2	0x6FDF      	MOVWF       FARG_UART1_Write_Text_uart_text+1, 1
0x05D4	0xDE24      	RCALL       _UART1_Write_Text
;Level_Control.c,44 :: 		Delay_ms(200);
0x05D6	0x0E03      	MOVLW       3
0x05D8	0x6E0B      	MOVWF       R11, 0
0x05DA	0x0E08      	MOVLW       8
0x05DC	0x6E0C      	MOVWF       R12, 0
0x05DE	0x0E77      	MOVLW       119
0x05E0	0x6E0D      	MOVWF       R13, 0
L_transmiter_data0:
0x05E2	0x2E0D      	DECFSZ      R13, 1, 0
0x05E4	0xD7FE      	BRA         L_transmiter_data0
0x05E6	0x2E0C      	DECFSZ      R12, 1, 0
0x05E8	0xD7FC      	BRA         L_transmiter_data0
0x05EA	0x2E0B      	DECFSZ      R11, 1, 0
0x05EC	0xD7FA      	BRA         L_transmiter_data0
;Level_Control.c,45 :: 		}
L_end_transmiter_data:
0x05EE	0x0012      	RETURN      0
; end of _transmiter_data
_word2double:
;__Lib_MathDouble.c,2335 :: 		
;__Lib_MathDouble.c,2344 :: 		
0x05F0	0x5000      	MOVF        R0, 0, 0
;__Lib_MathDouble.c,2345 :: 		
0x05F2	0x6E08      	MOVWF       R8, 0
;__Lib_MathDouble.c,2346 :: 		
0x05F4	0x5001      	MOVF        R1, 0, 0
;__Lib_MathDouble.c,2347 :: 		
0x05F6	0x6E00      	MOVWF       R0, 0
;__Lib_MathDouble.c,2348 :: 		
0x05F8	0x6A01      	CLRF        R1, 0
;__Lib_MathDouble.c,2349 :: 		
0x05FA	0x6A02      	CLRF        R2, 0
;__Lib_MathDouble.c,2350 :: 		
0x05FC	0x6A03      	CLRF        R3, 0
;__Lib_MathDouble.c,2353 :: 		
0x05FE	0x6A0B      	CLRF        R11, 0
;__Lib_MathDouble.c,2354 :: 		
0x0600	0x6A0C      	CLRF        R12, 0
;__Lib_MathDouble.c,2356 :: 		
0x0602	0x0E96      	MOVLW       150
;__Lib_MathDouble.c,2357 :: 		
0x0604	0x6E03      	MOVWF       R3, 0
;__Lib_MathDouble.c,2358 :: 		
0x0606	0x6A0A      	CLRF        R10, 0
;__Lib_MathDouble.c,2360 :: 		
0x0608	0xF001C000  	MOVFF       R0, R1
;__Lib_MathDouble.c,2361 :: 		
0x060C	0xF000C008  	MOVFF       R8, R0
;__Lib_MathDouble.c,2362 :: 		
0x0610	0x6A08      	CLRF        R8, 0
;__Lib_MathDouble.c,2363 :: 		
0x0612	0x6A02      	CLRF        R2, 0
;__Lib_MathDouble.c,2365 :: 		
0x0614	0xDD57      	RCALL       _NRM3232
;__Lib_MathDouble.c,2366 :: 		
L_end_word2double:
0x0616	0x0012      	RETURN      0
; end of _word2double
_Div_32x32_FP:
;__Lib_MathDouble.c,1325 :: 		
;__Lib_MathDouble.c,1339 :: 		
0x0618	0x5004      	MOVF        R4, 0 
0x061A	0x0A00      	XORLW       0
0x061C	0xE112      	BNZ         L_Div_32x32_FP11
;__Lib_MathDouble.c,1340 :: 		
0x061E	0x5005      	MOVF        R5, 0 
0x0620	0x0A00      	XORLW       0
0x0622	0xE10F      	BNZ         L_Div_32x32_FP12
;__Lib_MathDouble.c,1341 :: 		
0x0624	0x5006      	MOVF        R6, 0 
0x0626	0x0A00      	XORLW       0
0x0628	0xE10C      	BNZ         L_Div_32x32_FP13
;__Lib_MathDouble.c,1342 :: 		
0x062A	0x5007      	MOVF        R7, 0 
0x062C	0x0A00      	XORLW       0
0x062E	0xE109      	BNZ         L_Div_32x32_FP14
;__Lib_MathDouble.c,1343 :: 		
0x0630	0x0EFF      	MOVLW       255
0x0632	0x6E00      	MOVWF       R0 
;__Lib_MathDouble.c,1344 :: 		
0x0634	0x0EFF      	MOVLW       255
0x0636	0x6E01      	MOVWF       R1 
;__Lib_MathDouble.c,1345 :: 		
0x0638	0x0E7F      	MOVLW       127
0x063A	0x6E02      	MOVWF       R2 
;__Lib_MathDouble.c,1346 :: 		
0x063C	0x0EFF      	MOVLW       255
0x063E	0x6E03      	MOVWF       R3 
;__Lib_MathDouble.c,1347 :: 		
0x0640	0xD0A4      	BRA         L_end_Div_32x32_FP
;__Lib_MathDouble.c,1348 :: 		
L_Div_32x32_FP14:
L_Div_32x32_FP13:
L_Div_32x32_FP12:
L_Div_32x32_FP11:
;__Lib_MathDouble.c,1353 :: 		
0x0642	0x6A08      	CLRF        R8, 0
;__Lib_MathDouble.c,1354 :: 		
0x0644	0x6A09      	CLRF        R9, 0
;__Lib_MathDouble.c,1356 :: 		
0x0646	0x5007      	MOVF        R7, 0, 0
;__Lib_MathDouble.c,1357 :: 		
0x0648	0xB4D8      	BTFSC       STATUS, 2, 0
;__Lib_MathDouble.c,1358 :: 		
0x064A	0xF003EFB7  	GOTO        JPDSETFDZ32
;__Lib_MathDouble.c,1360 :: 		
0x064E	0x5003      	MOVF        R3, 0, 0
;__Lib_MathDouble.c,1361 :: 		
0x0650	0xB4D8      	BTFSC       STATUS, 2, 0
;__Lib_MathDouble.c,1362 :: 		
0x0652	0xF003EFBB  	GOTO        JPDRES032
;__Lib_MathDouble.c,1364 :: 		
0x0656	0x5002      	MOVF        R2, 0, 0
;__Lib_MathDouble.c,1365 :: 		
0x0658	0x1806      	XORWF       R6, 0, 0
;__Lib_MathDouble.c,1366 :: 		
0x065A	0x6E0A      	MOVWF       R10, 0
;__Lib_MathDouble.c,1367 :: 		
0x065C	0x8E02      	BSF         R2, 7, 0
;__Lib_MathDouble.c,1368 :: 		
0x065E	0x8E06      	BSF         R6, 7, 0
;__Lib_MathDouble.c,1370 :: 		
0x0660	0x6A0E      	CLRF        R14, 0
;__Lib_MathDouble.c,1371 :: 		
0x0662	0xF008C002  	MOVFF       R2, R8
;__Lib_MathDouble.c,1372 :: 		
0x0666	0xF00CC001  	MOVFF       R1, R12
;__Lib_MathDouble.c,1373 :: 		
0x066A	0xF00DC000  	MOVFF       R0, R13
;__Lib_MathDouble.c,1375 :: 		
0x066E	0x5004      	MOVF        R4, 0, 0
;__Lib_MathDouble.c,1376 :: 		
0x0670	0x5E0D      	SUBWF       R13, 1, 0
;__Lib_MathDouble.c,1377 :: 		
0x0672	0x5005      	MOVF        R5, 0, 0
;__Lib_MathDouble.c,1378 :: 		
0x0674	0xA0D8      	BTFSS       STATUS, 0, 0
;__Lib_MathDouble.c,1379 :: 		
0x0676	0x3C05      	INCFSZ      R5, 0, 0
;__Lib_MathDouble.c,1381 :: 		
0x0678	0x5E0C      	SUBWF       R12, 1, 0
;__Lib_MathDouble.c,1382 :: 		
0x067A	0x5006      	MOVF        R6, 0, 0
;__Lib_MathDouble.c,1383 :: 		
0x067C	0xA0D8      	BTFSS       STATUS, 0, 0
;__Lib_MathDouble.c,1384 :: 		
0x067E	0x3C06      	INCFSZ      R6, 0, 0
;__Lib_MathDouble.c,1386 :: 		
0x0680	0x5E08      	SUBWF       R8, 1, 0
;__Lib_MathDouble.c,1387 :: 		
0x0682	0x6A08      	CLRF        R8, 0
;__Lib_MathDouble.c,1388 :: 		
0x0684	0x6A0C      	CLRF        R12, 0
;__Lib_MathDouble.c,1389 :: 		
0x0686	0x6A0D      	CLRF        R13, 0
;__Lib_MathDouble.c,1390 :: 		
0x0688	0xA0D8      	BTFSS       STATUS, 0, 0
;__Lib_MathDouble.c,1391 :: 		
0x068A	0xF003EF4E  	GOTO        DALIGN32OK
;__Lib_MathDouble.c,1393 :: 		
0x068E	0x90D8      	BCF         STATUS, 0, 0
;__Lib_MathDouble.c,1394 :: 		
0x0690	0x3202      	RRCF        R2, 1, 0
;__Lib_MathDouble.c,1395 :: 		
0x0692	0x3201      	RRCF        R1, 1, 0
;__Lib_MathDouble.c,1396 :: 		
0x0694	0x3200      	RRCF        R0, 1, 0
;__Lib_MathDouble.c,1397 :: 		
0x0696	0x3208      	RRCF        R8, 1, 0
;__Lib_MathDouble.c,1398 :: 		
0x0698	0x0E01      	MOVLW       1
;__Lib_MathDouble.c,1399 :: 		
0x069A	0x6E0E      	MOVWF       R14, 0
;__Lib_MathDouble.c,1400 :: 		
DALIGN32OK:
;__Lib_MathDouble.c,1401 :: 		
0x069C	0x5007      	MOVF        R7, 0, 0
;__Lib_MathDouble.c,1402 :: 		
0x069E	0x5E03      	SUBWF       R3, 1, 0
;__Lib_MathDouble.c,1403 :: 		
0x06A0	0xA0D8      	BTFSS       STATUS, 0, 0
;__Lib_MathDouble.c,1404 :: 		
0x06A2	0xF003EF5B  	GOTO        ALTB32
;__Lib_MathDouble.c,1406 :: 		
0x06A6	0x0E7E      	MOVLW       126
;__Lib_MathDouble.c,1407 :: 		
0x06A8	0x240E      	ADDWF       R14, 0, 0
;__Lib_MathDouble.c,1408 :: 		
0x06AA	0x2603      	ADDWF       R3, 1, 0
;__Lib_MathDouble.c,1409 :: 		
0x06AC	0xB0D8      	BTFSC       STATUS, 0, 0
;__Lib_MathDouble.c,1410 :: 		
0x06AE	0xF003EFBF  	GOTO        JPDSETFOV32
;__Lib_MathDouble.c,1411 :: 		
0x06B2	0xF003EF61  	GOTO        DARGOK32
;__Lib_MathDouble.c,1412 :: 		
ALTB32:
;__Lib_MathDouble.c,1413 :: 		
0x06B6	0x0E7E      	MOVLW       126
;__Lib_MathDouble.c,1414 :: 		
0x06B8	0x240E      	ADDWF       R14, 0, 0
;__Lib_MathDouble.c,1415 :: 		
0x06BA	0x2603      	ADDWF       R3, 1, 0
;__Lib_MathDouble.c,1416 :: 		
0x06BC	0xA0D8      	BTFSS       STATUS, 0, 0
;__Lib_MathDouble.c,1417 :: 		
0x06BE	0xF003EFC3  	GOTO        JPDSETFUN32
;__Lib_MathDouble.c,1418 :: 		
DARGOK32:
;__Lib_MathDouble.c,1419 :: 		
0x06C2	0x0E18      	MOVLW       24
;__Lib_MathDouble.c,1420 :: 		
0x06C4	0x6E0B      	MOVWF       R11, 0
;__Lib_MathDouble.c,1421 :: 		
DLOOP32:
;__Lib_MathDouble.c,1422 :: 		
0x06C6	0x360D      	RLCF        R13, 1, 0
;__Lib_MathDouble.c,1423 :: 		
0x06C8	0x360C      	RLCF        R12, 1, 0
;__Lib_MathDouble.c,1424 :: 		
0x06CA	0x3608      	RLCF        R8, 1, 0
;__Lib_MathDouble.c,1425 :: 		
0x06CC	0x3600      	RLCF        R0, 1, 0
;__Lib_MathDouble.c,1426 :: 		
0x06CE	0x3601      	RLCF        R1, 1, 0
;__Lib_MathDouble.c,1427 :: 		
0x06D0	0x3602      	RLCF        R2, 1, 0
;__Lib_MathDouble.c,1428 :: 		
0x06D2	0x360E      	RLCF        R14, 1, 0
;__Lib_MathDouble.c,1430 :: 		
0x06D4	0x5004      	MOVF        R4, 0, 0
;__Lib_MathDouble.c,1431 :: 		
0x06D6	0x5E00      	SUBWF       R0, 1, 0
;__Lib_MathDouble.c,1432 :: 		
0x06D8	0x5005      	MOVF        R5, 0, 0
;__Lib_MathDouble.c,1433 :: 		
0x06DA	0xA0D8      	BTFSS       STATUS, 0, 0
;__Lib_MathDouble.c,1434 :: 		
0x06DC	0x3C05      	INCFSZ      R5, 0, 0
;__Lib_MathDouble.c,1436 :: 		
0x06DE	0x5E01      	SUBWF       R1, 1, 0
;__Lib_MathDouble.c,1437 :: 		
0x06E0	0x5006      	MOVF        R6, 0, 0
;__Lib_MathDouble.c,1438 :: 		
0x06E2	0xA0D8      	BTFSS       STATUS, 0, 0
;__Lib_MathDouble.c,1439 :: 		
0x06E4	0x3C06      	INCFSZ      R6, 0, 0
;__Lib_MathDouble.c,1441 :: 		
0x06E6	0x5E02      	SUBWF       R2, 1, 0
;__Lib_MathDouble.c,1442 :: 		
0x06E8	0x3406      	RLCF        R6, 0, 0
;__Lib_MathDouble.c,1443 :: 		
0x06EA	0x120E      	IORWF       R14, 1, 0
;__Lib_MathDouble.c,1444 :: 		
0x06EC	0xA00E      	BTFSS       R14, 0, 0
;__Lib_MathDouble.c,1445 :: 		
0x06EE	0xF003EF7C  	GOTO        DREST32
;__Lib_MathDouble.c,1446 :: 		
0x06F2	0x800D      	BSF         R13, 0, 0
;__Lib_MathDouble.c,1447 :: 		
0x06F4	0xF003EF87  	GOTO        DOK32
;__Lib_MathDouble.c,1448 :: 		
DREST32:
;__Lib_MathDouble.c,1449 :: 		
0x06F8	0x5004      	MOVF        R4, 0, 0
;__Lib_MathDouble.c,1450 :: 		
0x06FA	0x2600      	ADDWF       R0, 1, 0
;__Lib_MathDouble.c,1451 :: 		
0x06FC	0x5005      	MOVF        R5, 0, 0
;__Lib_MathDouble.c,1452 :: 		
0x06FE	0xB0D8      	BTFSC       STATUS, 0, 0
;__Lib_MathDouble.c,1453 :: 		
0x0700	0x3C05      	INCFSZ      R5, 0, 0
;__Lib_MathDouble.c,1455 :: 		
0x0702	0x2601      	ADDWF       R1, 1, 0
;__Lib_MathDouble.c,1456 :: 		
0x0704	0x5006      	MOVF        R6, 0, 0
;__Lib_MathDouble.c,1457 :: 		
0x0706	0xB0D8      	BTFSC       STATUS, 0, 0
;__Lib_MathDouble.c,1458 :: 		
0x0708	0x2806      	INCF        R6, 0, 0
;__Lib_MathDouble.c,1459 :: 		
0x070A	0x2602      	ADDWF       R2, 1, 0
;__Lib_MathDouble.c,1460 :: 		
0x070C	0x900D      	BCF         R13, 0, 0
;__Lib_MathDouble.c,1461 :: 		
DOK32:
;__Lib_MathDouble.c,1462 :: 		
0x070E	0x2E0B      	DECFSZ      R11, 1, 0
;__Lib_MathDouble.c,1463 :: 		
0x0710	0xF003EF63  	GOTO        DLOOP32
;__Lib_MathDouble.c,1467 :: 		
0x0714	0xF003EFAD  	GOTO        DIV32OK
;__Lib_MathDouble.c,1468 :: 		
0x0718	0x90D8      	BCF         STATUS, 0, 0
;__Lib_MathDouble.c,1469 :: 		
0x071A	0x3600      	RLCF        R0, 1, 0
;__Lib_MathDouble.c,1470 :: 		
0x071C	0x3601      	RLCF        R1, 1, 0
;__Lib_MathDouble.c,1471 :: 		
0x071E	0x3602      	RLCF        R2, 1, 0
;__Lib_MathDouble.c,1472 :: 		
0x0720	0x360E      	RLCF        R14, 1, 0
;__Lib_MathDouble.c,1474 :: 		
0x0722	0x5004      	MOVF        R4, 0, 0
;__Lib_MathDouble.c,1475 :: 		
0x0724	0x5E00      	SUBWF       R0, 1, 0
;__Lib_MathDouble.c,1476 :: 		
0x0726	0x5005      	MOVF        R5, 0, 0
;__Lib_MathDouble.c,1477 :: 		
0x0728	0xA0D8      	BTFSS       STATUS, 0, 0
;__Lib_MathDouble.c,1478 :: 		
0x072A	0x3C05      	INCFSZ      R5, 0, 0
;__Lib_MathDouble.c,1479 :: 		
0x072C	0x5E01      	SUBWF       R1, 1, 0
;__Lib_MathDouble.c,1480 :: 		
0x072E	0x5006      	MOVF        R6, 0, 0
;__Lib_MathDouble.c,1481 :: 		
0x0730	0xA0D8      	BTFSS       STATUS, 0, 0
;__Lib_MathDouble.c,1482 :: 		
0x0732	0x3C06      	INCFSZ      R6, 0, 0
;__Lib_MathDouble.c,1483 :: 		
0x0734	0x5E02      	SUBWF       R2, 1, 0
;__Lib_MathDouble.c,1484 :: 		
0x0736	0x3406      	RLCF        R6, 0, 0
;__Lib_MathDouble.c,1485 :: 		
0x0738	0x100E      	IORWF       R14, 0, 0
;__Lib_MathDouble.c,1486 :: 		
0x073A	0x0B01      	ANDLW       1
;__Lib_MathDouble.c,1487 :: 		
0x073C	0x260D      	ADDWF       R13, 1, 0
;__Lib_MathDouble.c,1488 :: 		
0x073E	0xB0D8      	BTFSC       STATUS, 0, 0
;__Lib_MathDouble.c,1489 :: 		
0x0740	0x2A0C      	INCF        R12, 1, 0
;__Lib_MathDouble.c,1490 :: 		
0x0742	0xB4D8      	BTFSC       STATUS, 2, 0
;__Lib_MathDouble.c,1491 :: 		
0x0744	0x2A08      	INCF        R8, 1, 0
;__Lib_MathDouble.c,1492 :: 		
0x0746	0xA4D8      	BTFSS       STATUS, 2, 0
;__Lib_MathDouble.c,1493 :: 		
0x0748	0xF003EFAD  	GOTO        DIV32OK
;__Lib_MathDouble.c,1494 :: 		
0x074C	0x3208      	RRCF        R8, 1, 0
;__Lib_MathDouble.c,1495 :: 		
0x074E	0x320C      	RRCF        R12, 1, 0
;__Lib_MathDouble.c,1496 :: 		
0x0750	0x320D      	RRCF        R13, 1, 0
;__Lib_MathDouble.c,1497 :: 		
0x0752	0x2A03      	INCF        R3, 1, 0
;__Lib_MathDouble.c,1498 :: 		
0x0754	0xB4D8      	BTFSC       STATUS, 2, 0
;__Lib_MathDouble.c,1499 :: 		
0x0756	0xF003EFBF  	GOTO        JPDSETFOV32
;__Lib_MathDouble.c,1500 :: 		
DIV32OK:
;__Lib_MathDouble.c,1501 :: 		
0x075A	0xAE0A      	BTFSS       R10, 7, 0
;__Lib_MathDouble.c,1502 :: 		
0x075C	0x9E08      	BCF         R8, 7, 0
;__Lib_MathDouble.c,1503 :: 		
0x075E	0x5008      	MOVF        R8, 0, 0
;__Lib_MathDouble.c,1504 :: 		
0x0760	0x6E02      	MOVWF       R2, 0
;__Lib_MathDouble.c,1505 :: 		
0x0762	0x500C      	MOVF        R12, 0, 0
;__Lib_MathDouble.c,1506 :: 		
0x0764	0x6E01      	MOVWF       R1, 0
;__Lib_MathDouble.c,1507 :: 		
0x0766	0x500D      	MOVF        R13, 0, 0
;__Lib_MathDouble.c,1508 :: 		
0x0768	0x6E00      	MOVWF       R0, 0
;__Lib_MathDouble.c,1511 :: 		
0x076A	0xF003EFC5  	GOTO        DIV32EEE
;__Lib_MathDouble.c,1512 :: 		
JPDSETFDZ32:
;__Lib_MathDouble.c,1513 :: 		
0x076E	0x0E01      	MOVLW       1
;__Lib_MathDouble.c,1516 :: 		
0x0770	0xDCE2      	RCALL       _SETFDZ32
;__Lib_MathDouble.c,1518 :: 		
0x0772	0xF003EFC5  	GOTO        DIV32EEE
;__Lib_MathDouble.c,1519 :: 		
JPDRES032:
;__Lib_MathDouble.c,1520 :: 		
0x0776	0x0E02      	MOVLW       2
;__Lib_MathDouble.c,1523 :: 		
0x0778	0xDC7D      	RCALL       _RES032
;__Lib_MathDouble.c,1525 :: 		
0x077A	0xF003EFC5  	GOTO        DIV32EEE
;__Lib_MathDouble.c,1526 :: 		
JPDSETFOV32:
;__Lib_MathDouble.c,1527 :: 		
0x077E	0x0E04      	MOVLW       4
;__Lib_MathDouble.c,1530 :: 		
0x0780	0xDC87      	RCALL       _SETFOV32
;__Lib_MathDouble.c,1532 :: 		
0x0782	0xF003EFC5  	GOTO        DIV32EEE
;__Lib_MathDouble.c,1533 :: 		
JPDSETFUN32:
;__Lib_MathDouble.c,1534 :: 		
0x0786	0x0E08      	MOVLW       8
;__Lib_MathDouble.c,1537 :: 		
0x0788	0xDC49      	RCALL       _SETFUN32
;__Lib_MathDouble.c,1539 :: 		
DIV32EEE:
;__Lib_MathDouble.c,1547 :: 		
L_end_Div_32x32_FP:
0x078A	0x0012      	RETURN      0
; end of _Div_32x32_FP
_double2word:
;__Lib_MathDouble.c,2023 :: 		
;__Lib_MathDouble.c,2032 :: 		
0x078C	0x6A0B      	CLRF        R11, 0
;__Lib_MathDouble.c,2033 :: 		
0x078E	0x6A0C      	CLRF        R12, 0
;__Lib_MathDouble.c,2034 :: 		
0x0790	0x6A0A      	CLRF        R10, 0
;__Lib_MathDouble.c,2036 :: 		
0x0792	0x5003      	MOVF        R3, 0, 0
;__Lib_MathDouble.c,2037 :: 		
0x0794	0xB4D8      	BTFSC       STATUS, 2, 0
;__Lib_MathDouble.c,2038 :: 		
0x0796	0xF004EF10  	GOTO        IRES016U
;__Lib_MathDouble.c,2040 :: 		
0x079A	0x8E02      	BSF         R2, 7, 0
;__Lib_MathDouble.c,2042 :: 		
0x079C	0x0E8E      	MOVLW       142
;__Lib_MathDouble.c,2043 :: 		
0x079E	0x5E03      	SUBWF       R3, 1, 0
;__Lib_MathDouble.c,2044 :: 		
0x07A0	0xBE03      	BTFSC       R3, 7, 0
;__Lib_MathDouble.c,2045 :: 		
0x07A2	0xF003EFD8  	GOTO        SETEXP16U
;__Lib_MathDouble.c,2046 :: 		
0x07A6	0xB4D8      	BTFSC       STATUS, 2, 0
;__Lib_MathDouble.c,2047 :: 		
0x07A8	0xF003EFD8  	GOTO        SETEXP16U
;__Lib_MathDouble.c,2048 :: 		
0x07AC	0xF004EF14  	GOTO        SETIOV16U
;__Lib_MathDouble.c,2049 :: 		
SETEXP16U:
;__Lib_MathDouble.c,2050 :: 		
0x07B0	0x6C03      	NEGF        R3, 0
;__Lib_MathDouble.c,2052 :: 		
0x07B2	0x0E08      	MOVLW       8
;__Lib_MathDouble.c,2053 :: 		
0x07B4	0x5C03      	SUBWF       R3, 0, 0
;__Lib_MathDouble.c,2054 :: 		
0x07B6	0xA0D8      	BTFSS       STATUS, 0, 0
;__Lib_MathDouble.c,2055 :: 		
0x07B8	0xF003EFEF  	GOTO        TSHIFT3216U
;__Lib_MathDouble.c,2056 :: 		
0x07BC	0x6E03      	MOVWF       R3, 0
;__Lib_MathDouble.c,2057 :: 		
0x07BE	0x3601      	RLCF        R1, 1, 0
;__Lib_MathDouble.c,2058 :: 		
0x07C0	0xF001C002  	MOVFF       R2, R1
;__Lib_MathDouble.c,2059 :: 		
0x07C4	0x6A02      	CLRF        R2, 0
;__Lib_MathDouble.c,2061 :: 		
0x07C6	0x0E08      	MOVLW       8
;__Lib_MathDouble.c,2062 :: 		
0x07C8	0x5C03      	SUBWF       R3, 0, 0
;__Lib_MathDouble.c,2063 :: 		
0x07CA	0xA0D8      	BTFSS       STATUS, 0, 0
;__Lib_MathDouble.c,2064 :: 		
0x07CC	0xF003EFEF  	GOTO        TSHIFT3216U
;__Lib_MathDouble.c,2065 :: 		
0x07D0	0x3601      	RLCF        R1, 1, 0
;__Lib_MathDouble.c,2066 :: 		
0x07D2	0x6A01      	CLRF        R1, 0
;__Lib_MathDouble.c,2068 :: 		
0x07D4	0x5003      	MOVF        R3, 0, 0
;__Lib_MathDouble.c,2069 :: 		
0x07D6	0xA4D8      	BTFSS       STATUS, 2, 0
;__Lib_MathDouble.c,2070 :: 		
0x07D8	0x90D8      	BCF         STATUS, 0, 0
;__Lib_MathDouble.c,2071 :: 		
0x07DA	0xF003EFF9  	GOTO        SHIFT3216UOK
;__Lib_MathDouble.c,2072 :: 		
TSHIFT3216U:
;__Lib_MathDouble.c,2073 :: 		
0x07DE	0x5003      	MOVF        R3, 0, 0
;__Lib_MathDouble.c,2074 :: 		
0x07E0	0xB4D8      	BTFSC       STATUS, 2, 0
;__Lib_MathDouble.c,2075 :: 		
0x07E2	0xF003EFF9  	GOTO        SHIFT3216UOK
;__Lib_MathDouble.c,2076 :: 		
SHIFT3216U:
;__Lib_MathDouble.c,2077 :: 		
0x07E6	0x90D8      	BCF         STATUS, 0, 0
;__Lib_MathDouble.c,2078 :: 		
0x07E8	0x3202      	RRCF        R2, 1, 0
;__Lib_MathDouble.c,2079 :: 		
0x07EA	0x3201      	RRCF        R1, 1, 0
;__Lib_MathDouble.c,2080 :: 		
0x07EC	0x2E03      	DECFSZ      R3, 1, 0
;__Lib_MathDouble.c,2081 :: 		
0x07EE	0xF003EFF3  	GOTO        SHIFT3216U
;__Lib_MathDouble.c,2082 :: 		
SHIFT3216UOK:
;__Lib_MathDouble.c,2083 :: 		
0x07F2	0xBC0B      	BTFSC       R11, 6, 0
;__Lib_MathDouble.c,2084 :: 		
0x07F4	0xA001      	BTFSS       R1, 0, 0
;__Lib_MathDouble.c,2085 :: 		
0x07F6	0xF004EF06  	GOTO        INT3216UOK
;__Lib_MathDouble.c,2086 :: 		
0x07FA	0xA0D8      	BTFSS       STATUS, 0, 0
;__Lib_MathDouble.c,2087 :: 		
0x07FC	0xF004EF06  	GOTO        INT3216UOK
;__Lib_MathDouble.c,2088 :: 		
0x0800	0x2A01      	INCF        R1, 1, 0
;__Lib_MathDouble.c,2089 :: 		
0x0802	0xB4D8      	BTFSC       STATUS, 2, 0
;__Lib_MathDouble.c,2090 :: 		
0x0804	0x2A02      	INCF        R2, 1, 0
;__Lib_MathDouble.c,2091 :: 		
0x0806	0xBE02      	BTFSC       R2, 7, 0
;__Lib_MathDouble.c,2092 :: 		
0x0808	0xF004EF23  	GOTO        JPKSETIOV3224
;__Lib_MathDouble.c,2093 :: 		
INT3216UOK:
;__Lib_MathDouble.c,2094 :: 		
0x080C	0xAE0A      	BTFSS       R10, 7, 0
;__Lib_MathDouble.c,2095 :: 		
0x080E	0xF004EF28  	GOTO        INT3216UEOK
;__Lib_MathDouble.c,2097 :: 		
0x0812	0x1E02      	COMF        R2, 1, 0
;__Lib_MathDouble.c,2098 :: 		
0x0814	0x1E01      	COMF        R1, 1, 0
;__Lib_MathDouble.c,2099 :: 		
0x0816	0x2A01      	INCF        R1, 1, 0
;__Lib_MathDouble.c,2100 :: 		
0x0818	0xB4D8      	BTFSC       STATUS, 2, 0
;__Lib_MathDouble.c,2101 :: 		
0x081A	0x2A02      	INCF        R2, 1, 0
;__Lib_MathDouble.c,2102 :: 		
0x081C	0xF004EF28  	GOTO        INT3216UEOK
;__Lib_MathDouble.c,2104 :: 		
IRES016U:
;__Lib_MathDouble.c,2105 :: 		
0x0820	0x6A02      	CLRF        R2, 0
;__Lib_MathDouble.c,2106 :: 		
0x0822	0x6A01      	CLRF        R1, 0
;__Lib_MathDouble.c,2107 :: 		
0x0824	0xF004EF28  	GOTO        INT3216UEOK
;__Lib_MathDouble.c,2108 :: 		
SETIOV16U:
;__Lib_MathDouble.c,2109 :: 		
0x0828	0x800B      	BSF         R11, 0, 0
;__Lib_MathDouble.c,2110 :: 		
0x082A	0xAE0B      	BTFSS       R11, 7, 0
;__Lib_MathDouble.c,2111 :: 		
0x082C	0xF004EF2C  	GOTO        INT3216UEER
;__Lib_MathDouble.c,2113 :: 		
0x0830	0x6A02      	CLRF        R2, 0
;__Lib_MathDouble.c,2114 :: 		
0x0832	0xAE0A      	BTFSS       R10, 7, 0
;__Lib_MathDouble.c,2115 :: 		
0x0834	0xF004EF2C  	GOTO        INT3216UEER
;__Lib_MathDouble.c,2116 :: 		
0x0838	0x0EFF      	MOVLW       255
;__Lib_MathDouble.c,2117 :: 		
0x083A	0x6E02      	MOVWF       R2, 0
;__Lib_MathDouble.c,2118 :: 		
0x083C	0x6E01      	MOVWF       R1, 0
;__Lib_MathDouble.c,2119 :: 		
0x083E	0x360A      	RLCF        R10, 1, 0
;__Lib_MathDouble.c,2120 :: 		
0x0840	0x3202      	RRCF        R2, 1, 0
;__Lib_MathDouble.c,2121 :: 		
0x0842	0xF004EF2C  	GOTO        INT3216UEER
;__Lib_MathDouble.c,2123 :: 		
JPKSETIOV3224:
;__Lib_MathDouble.c,2124 :: 		
0x0846	0x0E01      	MOVLW       1
;__Lib_MathDouble.c,2125 :: 		
0x0848	0x6E0C      	MOVWF       R12, 0
;__Lib_MathDouble.c,2127 :: 		
0x084A	0xDC2E      	RCALL       _SETIOV3224
;__Lib_MathDouble.c,2129 :: 		
0x084C	0xF004EF2E  	GOTO        INT3216UEEE
;__Lib_MathDouble.c,2130 :: 		
INT3216UEOK:
;__Lib_MathDouble.c,2131 :: 		
0x0850	0x0E00      	MOVLW       0
;__Lib_MathDouble.c,2132 :: 		
0x0852	0x6E0C      	MOVWF       R12, 0
;__Lib_MathDouble.c,2133 :: 		
0x0854	0xF004EF2E  	GOTO        INT3216UEEE
;__Lib_MathDouble.c,2134 :: 		
INT3216UEER:
;__Lib_MathDouble.c,2135 :: 		
0x0858	0x0EFF      	MOVLW       255
;__Lib_MathDouble.c,2136 :: 		
0x085A	0x6E0C      	MOVWF       R12, 0
;__Lib_MathDouble.c,2137 :: 		
INT3216UEEE:
;__Lib_MathDouble.c,2138 :: 		
0x085C	0x5001      	MOVF        R1, 0, 0
;__Lib_MathDouble.c,2139 :: 		
0x085E	0x6E00      	MOVWF       R0, 0
;__Lib_MathDouble.c,2140 :: 		
0x0860	0x5002      	MOVF        R2, 0, 0
;__Lib_MathDouble.c,2141 :: 		
0x0862	0x6E01      	MOVWF       R1, 0
;__Lib_MathDouble.c,2146 :: 		
L_end_double2word:
0x0864	0x0012      	RETURN      0
; end of _double2word
_main:
0x0866	0xF005EC60  	CALL        2752, 0
;Level_Control.c,47 :: 		void main()
;Level_Control.c,49 :: 		config_io();
0x086A	0xDD70      	RCALL       _config_io
;Level_Control.c,50 :: 		UART1_Init(9600);
0x086C	0x86B8      	BSF         BAUDCON, 3, 0
0x086E	0x6AB0      	CLRF        SPBRGH 
0x0870	0x0ECF      	MOVLW       207
0x0872	0x6EAF      	MOVWF       SPBRG 
0x0874	0x84AC      	BSF         TXSTA, 2, 0
0x0876	0xDD2B      	RCALL       _UART1_Init
;Level_Control.c,51 :: 		ADC_Init();
0x0878	0xDD56      	RCALL       _ADC_Init
;Level_Control.c,52 :: 		while(1)
L_main1:
;Level_Control.c,54 :: 		iSensor=ADC_Read(0);
0x087A	0x6BD4      	CLRF        FARG_ADC_Read_channel, 1
0x087C	0xDD6C      	RCALL       _ADC_Read
0x087E	0xF08FC000  	MOVFF       R0, _iSensor
0x0882	0xF090C001  	MOVFF       R1, _iSensor+1
;Level_Control.c,55 :: 		iNivel= iSensor/4.09;
0x0886	0xDEB4      	RCALL       _word2double
0x0888	0x0E48      	MOVLW       72
0x088A	0x6E04      	MOVWF       R4 
0x088C	0x0EE1      	MOVLW       225
0x088E	0x6E05      	MOVWF       R5 
0x0890	0x0E02      	MOVLW       2
0x0892	0x6E06      	MOVWF       R6 
0x0894	0x0E81      	MOVLW       129
0x0896	0x6E07      	MOVWF       R7 
0x0898	0xDEBF      	RCALL       _Div_32x32_FP
0x089A	0xDF78      	RCALL       _double2word
0x089C	0xF091C000  	MOVFF       R0, _iNivel
0x08A0	0xF092C001  	MOVFF       R1, _iNivel+1
;Level_Control.c,57 :: 		if(iNivel < 50)
0x08A4	0x0E00      	MOVLW       0
0x08A6	0x5C01      	SUBWF       R1, 0 
0x08A8	0xE102      	BNZ         L__main19
0x08AA	0x0E32      	MOVLW       50
0x08AC	0x5C00      	SUBWF       R0, 0 
L__main19:
0x08AE	0xE214      	BC          L_main3
;Level_Control.c,59 :: 		iV1= 1;
0x08B0	0x0E01      	MOVLW       1
0x08B2	0x0100      	MOVLB       0
0x08B4	0x6F8B      	MOVWF       _iV1, 1
0x08B6	0x0E00      	MOVLW       0
0x08B8	0x6F8C      	MOVWF       _iV1+1, 1
;Level_Control.c,60 :: 		iV2= 1;
0x08BA	0x0E01      	MOVLW       1
0x08BC	0x6F8D      	MOVWF       _iV2, 1
0x08BE	0x0E00      	MOVLW       0
0x08C0	0x6F8E      	MOVWF       _iV2+1, 1
;Level_Control.c,61 :: 		iV3= 0;
0x08C2	0x6BBB      	CLRF        _iV3, 1
0x08C4	0x6BBC      	CLRF        _iV3+1, 1
;Level_Control.c,62 :: 		iB1= 1;
0x08C6	0x0E01      	MOVLW       1
0x08C8	0x6FBD      	MOVWF       _iB1, 1
0x08CA	0x0E00      	MOVLW       0
0x08CC	0x6FBE      	MOVWF       _iB1+1, 1
;Level_Control.c,63 :: 		V1= 0;
0x08CE	0x9082      	BCF         PORTC, 0 
;Level_Control.c,64 :: 		V2= 0;
0x08D0	0x9282      	BCF         PORTC, 1 
;Level_Control.c,65 :: 		V3= 1;
0x08D2	0x8482      	BSF         PORTC, 2 
;Level_Control.c,66 :: 		B1= 0;
0x08D4	0x9682      	BCF         PORTC, 3 
;Level_Control.c,67 :: 		}
0x08D6	0xD055      	BRA         L_main4
L_main3:
0x08D8	0x0100      	MOVLB       0
;Level_Control.c,68 :: 		else if (iNivel >= 50 && iNivel < 150)
0x08DA	0x0E00      	MOVLW       0
0x08DC	0x5D92      	SUBWF       _iNivel+1, 0, 1
0x08DE	0xE102      	BNZ         L__main20
0x08E0	0x0E32      	MOVLW       50
0x08E2	0x5D91      	SUBWF       _iNivel, 0, 1
L__main20:
0x08E4	0xE31B      	BNC         L_main7
0x08E6	0x0E00      	MOVLW       0
0x08E8	0x5D92      	SUBWF       _iNivel+1, 0, 1
0x08EA	0xE102      	BNZ         L__main21
0x08EC	0x0E96      	MOVLW       150
0x08EE	0x5D91      	SUBWF       _iNivel, 0, 1
L__main21:
0x08F0	0xE215      	BC          L_main7
L__main15:
;Level_Control.c,70 :: 		iV1= 1;
0x08F2	0x0E01      	MOVLW       1
0x08F4	0x6F8B      	MOVWF       _iV1, 1
0x08F6	0x0E00      	MOVLW       0
0x08F8	0x6F8C      	MOVWF       _iV1+1, 1
;Level_Control.c,71 :: 		iV2= 1;
0x08FA	0x0E01      	MOVLW       1
0x08FC	0x6F8D      	MOVWF       _iV2, 1
0x08FE	0x0E00      	MOVLW       0
0x0900	0x6F8E      	MOVWF       _iV2+1, 1
;Level_Control.c,72 :: 		iV3= 1;
0x0902	0x0E01      	MOVLW       1
0x0904	0x6FBB      	MOVWF       _iV3, 1
0x0906	0x0E00      	MOVLW       0
0x0908	0x6FBC      	MOVWF       _iV3+1, 1
;Level_Control.c,73 :: 		iB1= 1;
0x090A	0x0E01      	MOVLW       1
0x090C	0x6FBD      	MOVWF       _iB1, 1
0x090E	0x0E00      	MOVLW       0
0x0910	0x6FBE      	MOVWF       _iB1+1, 1
;Level_Control.c,74 :: 		V1= 0;
0x0912	0x9082      	BCF         PORTC, 0 
;Level_Control.c,75 :: 		V2= 0;
0x0914	0x9282      	BCF         PORTC, 1 
;Level_Control.c,76 :: 		V3= 0;
0x0916	0x9482      	BCF         PORTC, 2 
;Level_Control.c,77 :: 		B1= 0;
0x0918	0x9682      	BCF         PORTC, 3 
;Level_Control.c,78 :: 		}
0x091A	0xD033      	BRA         L_main8
L_main7:
;Level_Control.c,79 :: 		else if (iNivel >= 150 && iNivel < 200)
0x091C	0x0E00      	MOVLW       0
0x091E	0x5D92      	SUBWF       _iNivel+1, 0, 1
0x0920	0xE102      	BNZ         L__main22
0x0922	0x0E96      	MOVLW       150
0x0924	0x5D91      	SUBWF       _iNivel, 0, 1
L__main22:
0x0926	0xE319      	BNC         L_main11
0x0928	0x0E00      	MOVLW       0
0x092A	0x5D92      	SUBWF       _iNivel+1, 0, 1
0x092C	0xE102      	BNZ         L__main23
0x092E	0x0EC8      	MOVLW       200
0x0930	0x5D91      	SUBWF       _iNivel, 0, 1
L__main23:
0x0932	0xE213      	BC          L_main11
L__main14:
;Level_Control.c,81 :: 		iV1= 0;
0x0934	0x6B8B      	CLRF        _iV1, 1
0x0936	0x6B8C      	CLRF        _iV1+1, 1
;Level_Control.c,82 :: 		iV2= 1;
0x0938	0x0E01      	MOVLW       1
0x093A	0x6F8D      	MOVWF       _iV2, 1
0x093C	0x0E00      	MOVLW       0
0x093E	0x6F8E      	MOVWF       _iV2+1, 1
;Level_Control.c,83 :: 		iV3= 1;
0x0940	0x0E01      	MOVLW       1
0x0942	0x6FBB      	MOVWF       _iV3, 1
0x0944	0x0E00      	MOVLW       0
0x0946	0x6FBC      	MOVWF       _iV3+1, 1
;Level_Control.c,84 :: 		iB1= 1;
0x0948	0x0E01      	MOVLW       1
0x094A	0x6FBD      	MOVWF       _iB1, 1
0x094C	0x0E00      	MOVLW       0
0x094E	0x6FBE      	MOVWF       _iB1+1, 1
;Level_Control.c,85 :: 		V1= 1;
0x0950	0x8082      	BSF         PORTC, 0 
;Level_Control.c,86 :: 		V2= 0;
0x0952	0x9282      	BCF         PORTC, 1 
;Level_Control.c,87 :: 		V3= 0;
0x0954	0x9482      	BCF         PORTC, 2 
;Level_Control.c,88 :: 		B1= 0;
0x0956	0x9682      	BCF         PORTC, 3 
;Level_Control.c,89 :: 		}
0x0958	0xD014      	BRA         L_main12
L_main11:
;Level_Control.c,90 :: 		else if (iNivel >= 200)
0x095A	0x0E00      	MOVLW       0
0x095C	0x5D92      	SUBWF       _iNivel+1, 0, 1
0x095E	0xE102      	BNZ         L__main24
0x0960	0x0EC8      	MOVLW       200
0x0962	0x5D91      	SUBWF       _iNivel, 0, 1
L__main24:
0x0964	0xE30E      	BNC         L_main13
;Level_Control.c,92 :: 		iV1= 0;
0x0966	0x6B8B      	CLRF        _iV1, 1
0x0968	0x6B8C      	CLRF        _iV1+1, 1
;Level_Control.c,93 :: 		iV2= 0;
0x096A	0x6B8D      	CLRF        _iV2, 1
0x096C	0x6B8E      	CLRF        _iV2+1, 1
;Level_Control.c,94 :: 		iV3= 1;
0x096E	0x0E01      	MOVLW       1
0x0970	0x6FBB      	MOVWF       _iV3, 1
0x0972	0x0E00      	MOVLW       0
0x0974	0x6FBC      	MOVWF       _iV3+1, 1
;Level_Control.c,95 :: 		iB1= 0;
0x0976	0x6BBD      	CLRF        _iB1, 1
0x0978	0x6BBE      	CLRF        _iB1+1, 1
;Level_Control.c,96 :: 		V1= 1;
0x097A	0x8082      	BSF         PORTC, 0 
;Level_Control.c,97 :: 		V2= 1;
0x097C	0x8282      	BSF         PORTC, 1 
;Level_Control.c,98 :: 		V3= 0;
0x097E	0x9482      	BCF         PORTC, 2 
;Level_Control.c,99 :: 		B1= 1;
0x0980	0x8682      	BSF         PORTC, 3 
;Level_Control.c,101 :: 		}
L_main13:
L_main12:
L_main8:
L_main4:
;Level_Control.c,103 :: 		IntToStr(iNivel, sNivel);
0x0982	0xF0D4C091  	MOVFF       _iNivel, FARG_IntToStr_input
0x0986	0xF0D5C092  	MOVFF       _iNivel+1, FARG_IntToStr_input+1
0x098A	0x0E20      	MOVLW       _sNivel
0x098C	0x6FD6      	MOVWF       FARG_IntToStr_output, 1
0x098E	0x0E00      	MOVLW       hi_addr(_sNivel)
0x0990	0x6FD7      	MOVWF       FARG_IntToStr_output+1, 1
0x0992	0xDD01      	RCALL       _IntToStr
;Level_Control.c,104 :: 		Ltrim(sNivel);
0x0994	0x0E20      	MOVLW       _sNivel
0x0996	0x6FD4      	MOVWF       FARG_Ltrim_string, 1
0x0998	0x0E00      	MOVLW       hi_addr(_sNivel)
0x099A	0x6FD5      	MOVWF       FARG_Ltrim_string+1, 1
0x099C	0xDD69      	RCALL       _Ltrim
;Level_Control.c,105 :: 		IntToStr(iV1, sV1);
0x099E	0xF0D4C08B  	MOVFF       _iV1, FARG_IntToStr_input
0x09A2	0xF0D5C08C  	MOVFF       _iV1+1, FARG_IntToStr_input+1
0x09A6	0x0EAB      	MOVLW       _sV1
0x09A8	0x6FD6      	MOVWF       FARG_IntToStr_output, 1
0x09AA	0x0E00      	MOVLW       hi_addr(_sV1)
0x09AC	0x6FD7      	MOVWF       FARG_IntToStr_output+1, 1
0x09AE	0xDCF3      	RCALL       _IntToStr
;Level_Control.c,106 :: 		Ltrim(sV1);
0x09B0	0x0EAB      	MOVLW       _sV1
0x09B2	0x6FD4      	MOVWF       FARG_Ltrim_string, 1
0x09B4	0x0E00      	MOVLW       hi_addr(_sV1)
0x09B6	0x6FD5      	MOVWF       FARG_Ltrim_string+1, 1
0x09B8	0xDD5B      	RCALL       _Ltrim
;Level_Control.c,107 :: 		IntToStr(iV2, sV2);
0x09BA	0xF0D4C08D  	MOVFF       _iV2, FARG_IntToStr_input
0x09BE	0xF0D5C08E  	MOVFF       _iV2+1, FARG_IntToStr_input+1
0x09C2	0x0EB4      	MOVLW       _sV2
0x09C4	0x6FD6      	MOVWF       FARG_IntToStr_output, 1
0x09C6	0x0E00      	MOVLW       hi_addr(_sV2)
0x09C8	0x6FD7      	MOVWF       FARG_IntToStr_output+1, 1
0x09CA	0xDCE5      	RCALL       _IntToStr
;Level_Control.c,108 :: 		Ltrim(sV2);
0x09CC	0x0EB4      	MOVLW       _sV2
0x09CE	0x6FD4      	MOVWF       FARG_Ltrim_string, 1
0x09D0	0x0E00      	MOVLW       hi_addr(_sV2)
0x09D2	0x6FD5      	MOVWF       FARG_Ltrim_string+1, 1
0x09D4	0xDD4D      	RCALL       _Ltrim
;Level_Control.c,109 :: 		IntToStr(iV3, sV3);
0x09D6	0xF0D4C0BB  	MOVFF       _iV3, FARG_IntToStr_input
0x09DA	0xF0D5C0BC  	MOVFF       _iV3+1, FARG_IntToStr_input+1
0x09DE	0x0EA2      	MOVLW       _sV3
0x09E0	0x6FD6      	MOVWF       FARG_IntToStr_output, 1
0x09E2	0x0E00      	MOVLW       hi_addr(_sV3)
0x09E4	0x6FD7      	MOVWF       FARG_IntToStr_output+1, 1
0x09E6	0xDCD7      	RCALL       _IntToStr
;Level_Control.c,110 :: 		Ltrim(sV3);
0x09E8	0x0EA2      	MOVLW       _sV3
0x09EA	0x6FD4      	MOVWF       FARG_Ltrim_string, 1
0x09EC	0x0E00      	MOVLW       hi_addr(_sV3)
0x09EE	0x6FD5      	MOVWF       FARG_Ltrim_string+1, 1
0x09F0	0xDD3F      	RCALL       _Ltrim
;Level_Control.c,111 :: 		IntToStr(iB1, sB1);
0x09F2	0xF0D4C0BD  	MOVFF       _iB1, FARG_IntToStr_input
0x09F6	0xF0D5C0BE  	MOVFF       _iB1+1, FARG_IntToStr_input+1
0x09FA	0x0E93      	MOVLW       _sB1
0x09FC	0x6FD6      	MOVWF       FARG_IntToStr_output, 1
0x09FE	0x0E00      	MOVLW       hi_addr(_sB1)
0x0A00	0x6FD7      	MOVWF       FARG_IntToStr_output+1, 1
0x0A02	0xDCC9      	RCALL       _IntToStr
;Level_Control.c,112 :: 		Ltrim(sB1);
0x0A04	0x0E93      	MOVLW       _sB1
0x0A06	0x6FD4      	MOVWF       FARG_Ltrim_string, 1
0x0A08	0x0E00      	MOVLW       hi_addr(_sB1)
0x0A0A	0x6FD5      	MOVWF       FARG_Ltrim_string+1, 1
0x0A0C	0xDD31      	RCALL       _Ltrim
;Level_Control.c,114 :: 		transmiter_data();
0x0A0E	0xDD68      	RCALL       _transmiter_data
;Level_Control.c,115 :: 		}
0x0A10	0xD734      	BRA         L_main1
;Level_Control.c,116 :: 		}
L_end_main:
0x0A12	0xD7FF      	BRA         $+0
; end of _main
0x0AC0	0xF015EE10  	LFSR        1, 21
0x0AC4	0x0EAB      	MOVLW       171
0x0AC6	0x6E00      	MOVWF       R0 
0x0AC8	0x0E01      	MOVLW       1
0x0ACA	0x6E01      	MOVWF       R1 
0x0ACC	0x0E14      	MOVLW       20
0x0ACE	0x6EF6      	MOVWF       4086 
0x0AD0	0x0E0A      	MOVLW       10
0x0AD2	0x6EF7      	MOVWF       TBLPTRH 
0x0AD4	0x0E00      	MOVLW       0
0x0AD6	0x6EF8      	MOVWF       TBLPTRU 
0x0AD8	0xF001EC5F  	CALL        702, 0
0x0ADC	0x0012      	RETURN      0
;Level_Control.c,0 :: ?ICS?lstr2_Level_Control
0x0A14	0x4424 ;?ICS?lstr2_Level_Control+0
0x0A16	0x6461 ;?ICS?lstr2_Level_Control+2
0x0A18	0x736F ;?ICS?lstr2_Level_Control+4
0x0A1A	0x002C ;?ICS?lstr2_Level_Control+6
; end of ?ICS?lstr2_Level_Control
;Level_Control.c,0 :: ?ICS?lstr1_Level_Control
0x0A1C	0x00 ;?ICS?lstr1_Level_Control+0
; end of ?ICS?lstr1_Level_Control
;Level_Control.c,0 :: ?ICS?lstr3_Level_Control
0x0A1D	0x002C ;?ICS?lstr3_Level_Control+0
; end of ?ICS?lstr3_Level_Control
;Level_Control.c,0 :: ?ICS_sNivel
0x0A1F	0x0000 ;?ICS_sNivel+0
0x0A21	0x0000 ;?ICS_sNivel+2
0x0A23	0x0000 ;?ICS_sNivel+4
0x0A25	0x00 ;?ICS_sNivel+6
; end of ?ICS_sNivel
;Level_Control.c,0 :: ?ICS_sText
0x0A26	0x0020 ;?ICS_sText+0
0x0A28	0x0000 ;?ICS_sText+2
0x0A2A	0x0000 ;?ICS_sText+4
0x0A2C	0x0000 ;?ICS_sText+6
0x0A2E	0x0000 ;?ICS_sText+8
0x0A30	0x0000 ;?ICS_sText+10
0x0A32	0x0000 ;?ICS_sText+12
0x0A34	0x0000 ;?ICS_sText+14
0x0A36	0x0000 ;?ICS_sText+16
0x0A38	0x0000 ;?ICS_sText+18
0x0A3A	0x0000 ;?ICS_sText+20
0x0A3C	0x0000 ;?ICS_sText+22
0x0A3E	0x0000 ;?ICS_sText+24
0x0A40	0x0000 ;?ICS_sText+26
0x0A42	0x0000 ;?ICS_sText+28
0x0A44	0x0000 ;?ICS_sText+30
0x0A46	0x0000 ;?ICS_sText+32
0x0A48	0x0000 ;?ICS_sText+34
0x0A4A	0x0000 ;?ICS_sText+36
0x0A4C	0x0000 ;?ICS_sText+38
0x0A4E	0x0000 ;?ICS_sText+40
0x0A50	0x0000 ;?ICS_sText+42
0x0A52	0x0000 ;?ICS_sText+44
0x0A54	0x0000 ;?ICS_sText+46
0x0A56	0x0000 ;?ICS_sText+48
0x0A58	0x0000 ;?ICS_sText+50
0x0A5A	0x0000 ;?ICS_sText+52
0x0A5C	0x0000 ;?ICS_sText+54
0x0A5E	0x0000 ;?ICS_sText+56
0x0A60	0x0000 ;?ICS_sText+58
0x0A62	0x0000 ;?ICS_sText+60
0x0A64	0x0000 ;?ICS_sText+62
0x0A66	0x0000 ;?ICS_sText+64
0x0A68	0x0000 ;?ICS_sText+66
0x0A6A	0x0000 ;?ICS_sText+68
0x0A6C	0x0000 ;?ICS_sText+70
0x0A6E	0x0000 ;?ICS_sText+72
0x0A70	0x0000 ;?ICS_sText+74
0x0A72	0x0000 ;?ICS_sText+76
0x0A74	0x0000 ;?ICS_sText+78
0x0A76	0x0000 ;?ICS_sText+80
0x0A78	0x0000 ;?ICS_sText+82
0x0A7A	0x0000 ;?ICS_sText+84
0x0A7C	0x0000 ;?ICS_sText+86
0x0A7E	0x0000 ;?ICS_sText+88
0x0A80	0x0000 ;?ICS_sText+90
0x0A82	0x0000 ;?ICS_sText+92
0x0A84	0x0000 ;?ICS_sText+94
0x0A86	0x0000 ;?ICS_sText+96
0x0A88	0x0000 ;?ICS_sText+98
; end of ?ICS_sText
;Level_Control.c,0 :: ?ICS_iV1
0x0A8A	0x0000 ;?ICS_iV1+0
; end of ?ICS_iV1
;Level_Control.c,0 :: ?ICS_iV2
0x0A8C	0x0000 ;?ICS_iV2+0
; end of ?ICS_iV2
;Level_Control.c,0 :: ?ICS_iSensor
0x0A8E	0x0000 ;?ICS_iSensor+0
; end of ?ICS_iSensor
;Level_Control.c,0 :: ?ICS_iNivel
0x0A90	0x0000 ;?ICS_iNivel+0
; end of ?ICS_iNivel
;Level_Control.c,0 :: ?ICS_sB1
0x0A92	0x0000 ;?ICS_sB1+0
0x0A94	0x0000 ;?ICS_sB1+2
0x0A96	0x0000 ;?ICS_sB1+4
0x0A98	0x00 ;?ICS_sB1+6
; end of ?ICS_sB1
;Level_Control.c,0 :: ?ICS?lstr6_Level_Control
0x0A99	0x002C ;?ICS?lstr6_Level_Control+0
; end of ?ICS?lstr6_Level_Control
;Level_Control.c,0 :: ?ICS?lstr8_Level_Control
0x0A9B	0x0A0D ;?ICS?lstr8_Level_Control+0
0x0A9D	0x00 ;?ICS?lstr8_Level_Control+2
; end of ?ICS?lstr8_Level_Control
;Level_Control.c,0 :: ?ICS?lstr7_Level_Control
0x0A9E	0x2A2C ;?ICS?lstr7_Level_Control+0
0x0AA0	0x00 ;?ICS?lstr7_Level_Control+2
; end of ?ICS?lstr7_Level_Control
;Level_Control.c,0 :: ?ICS_sV3
0x0AA1	0x0000 ;?ICS_sV3+0
0x0AA3	0x0000 ;?ICS_sV3+2
0x0AA5	0x0000 ;?ICS_sV3+4
0x0AA7	0x00 ;?ICS_sV3+6
; end of ?ICS_sV3
;Level_Control.c,0 :: ?ICS?lstr4_Level_Control
0x0AA8	0x002C ;?ICS?lstr4_Level_Control+0
; end of ?ICS?lstr4_Level_Control
;Level_Control.c,0 :: ?ICS_sV1
0x0AAA	0x0000 ;?ICS_sV1+0
0x0AAC	0x0000 ;?ICS_sV1+2
0x0AAE	0x0000 ;?ICS_sV1+4
0x0AB0	0x00 ;?ICS_sV1+6
; end of ?ICS_sV1
;Level_Control.c,0 :: ?ICS?lstr5_Level_Control
0x0AB1	0x002C ;?ICS?lstr5_Level_Control+0
; end of ?ICS?lstr5_Level_Control
;Level_Control.c,0 :: ?ICS_sV2
0x0AB3	0x0000 ;?ICS_sV2+0
0x0AB5	0x0000 ;?ICS_sV2+2
0x0AB7	0x0000 ;?ICS_sV2+4
0x0AB9	0x00 ;?ICS_sV2+6
; end of ?ICS_sV2
;Level_Control.c,0 :: ?ICS_iV3
0x0ABA	0x0000 ;?ICS_iV3+0
; end of ?ICS_iV3
;Level_Control.c,0 :: ?ICS_iB1
0x0ABC	0x0000 ;?ICS_iB1+0
; end of ?ICS_iB1
;__Lib_ADC_A_D.c,0 :: ?ICS_vref_mask
0x0ABE	0x30 ;?ICS_vref_mask+0
; end of ?ICS_vref_mask
Symbol List:
//** Routines locations **
//ADDRESS    SIZE    PROCEDURE
//----------------------------------------------
0x001C      [26]    _SETFUN32
0x0036       [8]    _FIXSIGN32
0x003E      [54]    _Div_16X16_U
0x0074      [14]    _RES032
0x0082      [14]    _UART1_Write
0x0090      [24]    _SETFOV32
0x00A8      [28]    _SETIOV3224
0x00C4     [114]    _NRM3232
0x0136       [8]    _SETFDZ32
0x013E     [146]    _WordToStr
0x01D0      [78]    _strcpy
0x021E      [52]    _UART1_Write_Text
0x0252      [96]    _strcat
0x02B2      [12]    _Delay_22us
0x02BE      [16]    ___CC2DW
0x02CE      [88]    _UART1_Init
0x0326      [38]    _ADC_Init
0x034C      [10]    _config_io
0x0356      [64]    _ADC_Read
0x0396     [218]    _IntToStr
0x0470     [112]    _Ltrim
0x04E0     [272]    _transmiter_data
0x05F0      [40]    _word2double
0x0618     [372]    _Div_32x32_FP
0x078C     [218]    _double2word
0x0866     [430]    _main
//** Variables locations ** 
//ADDRESS    SIZE    VARIABLE
//----------------------------------------------
0x0000       [1]    UART1_Init_tmp_L0
0x0000       [1]    __Lib_SoftI2C_PutZerosToLATScl_temp_scl_L0
0x0000       [1]    __Lib_SoftI2C_PutZerosToLATSda_temp_sda_L0
0x0000       [1]    EEPROM_Write_SaveINTCON_L0
0x0000       [1]    SPI1_Write_tmp_L0
0x0000       [1]    R0
0x0000       [1]    FLASH_Erase_64_SaveINTCON_L0
0x0001       [1]    __Lib_TFT_16bit_JPEG_FileRead_i_L0
0x0001       [1]    __Lib_TFT_16bit_JPEG_FileReadBytes_Result_L0
0x0001       [2]    FLASH_Read_N_Bytes_i_L0
0x0001       [1]    UART1_Read___tmp_UART1_Read_L0
0x0001       [1]    __Lib_TFT_JPEG_FileRead_i_L0
0x0001       [1]    ispunct_rslt_L0
0x0001       [1]    R1
0x0001       [1]    FLASH_Erase_Write_64_i_L0
0x0001       [1]    __Lib_TFT_JPEG_FileReadBytes_Result_L0
0x0001       [1]    FLASH_Write_32_i_L0
0x0001       [1]    __Lib_PS2_Wait_Falling_nsample_L0
0x0002       [2]    memchr_s_L0
0x0002       [1]    FLASH_Erase_Write_64_j_L0
0x0002       [2]    memcpy_dd_L0
0x0002       [2]    strlen_cp_L0
0x0002       [1]    FLASH_Write_32_SaveINTCON_L0
0x0002       [2]    memset_pp_L0
0x0002       [1]    R2
0x0003       [1]    R3
0x0003       [2]    MM_TotalFreeMemSize_Tot_L0
0x0003       [1]    __Lib_Sprinti_?FLOC____Lib_Sprinti_Do_FillT29
0x0003       [1]    MM_Init_i_L0
0x0003       [2]    Ltrim_original_L0
0x0003       [1]    FLASH_Erase_Write_64_SaveINTCON_L0
0x0003       [2]    __Lib_MmcFat16_f16_toInt_l_L0
0x0003       [2]    memmove_tt_L0
0x0004       [2]    strncpy_cp_L0
0x0004       [2]    frexp_pom_L0
0x0004       [2]    strcpy_cp_L0
0x0004       [1]    R4
0x0004       [2]    memcpy_ss_L0
0x0004       [1]    __Lib_Sprinti_?FLOC____Lib_Sprinti_Do_FillT40
0x0004       [2]    strncat_cp_L0
0x0004       [2]    __Lib_MemManager_MM_GetMemAlign_P_L0
0x0004       [2]    strcat_cp_L0
0x0005       [2]    LongIntToHex_input_half_L0
0x0005       [2]    LongWordToHex_input_half_L0
0x0005       [2]    memmove_ff_L0
0x0005       [1]    MM_TotalFreeMemSize_i_L0
0x0005       [2]    Ltrim_p_L0
0x0005       [1]    R5
0x0005       [1]    __Lib_Sprinti_?FLOC____Lib_Sprinti_Do_FillT54
0x0006       [1]    __Lib_MemManager_MM_GetMemAlign_i_L0
0x0006       [1]    R6
0x0006       [1]    __Lib_Sprinti_?FLOC____Lib_Sprinti_Do_FillT69
0x0007       [1]    R7
0x0007       [1]    __Lib_TFT_JPEG_GenerateHuffmanTables_bLength_L0
0x0007       [1]    __Lib_TFT_16bit_JPEG_GenerateHuffmanTables_bLength_L0
0x0008       [1]    __Lib_TFT_16bit_JPEG_GenerateHuffmanTables_bTable_L0
0x0008       [1]    R8
0x0008       [1]    __Lib_TFT_JPEG_GenerateHuffmanTables_bTable_L0
0x0009       [4]    __Lib_MmcFat16_f16_toLong_l_L0
0x0009       [1]    R9
0x000A       [1]    R10
0x000B       [1]    R11
0x000C       [1]    R12
0x000D       [1]    R13
0x000E       [1]    R14
0x000F       [1]    R15
0x0010       [1]    R16
0x0011       [1]    R17
0x0012       [1]    R18
0x0013       [1]    R19
0x0014       [1]    R20
0x0015       [8]    ?lstr2_Level_Control
0x001D       [1]    ?lstr1_Level_Control
0x001E       [2]    ?lstr3_Level_Control
0x0020       [7]    _sNivel
0x0027     [100]    _sText
0x008B       [2]    _iV1
0x008D       [2]    _iV2
0x008F       [2]    _iSensor
0x0091       [2]    _iNivel
0x0093       [7]    _sB1
0x009A       [2]    ?lstr6_Level_Control
0x009C       [3]    ?lstr8_Level_Control
0x009F       [3]    ?lstr7_Level_Control
0x00A2       [7]    _sV3
0x00A9       [2]    ?lstr4_Level_Control
0x00AB       [7]    _sV1
0x00B2       [2]    ?lstr5_Level_Control
0x00B4       [7]    _sV2
0x00BB       [2]    _iV3
0x00BD       [2]    _iB1
0x00BF       [1]    _vref_mask
0x00C0       [4]    _UART_Rdy_Ptr
0x00C4       [4]    _UART_Rd_Ptr
0x00C8       [4]    _UART_Wr_Ptr
0x00CC       [4]    _UART_Tx_Idle_Ptr
0x00D0       [4]    _ADC_Get_Sample_Ptr
0x00D4       [2]    FARG_IntToStr_input
0x00D4       [2]    FARG_Ltrim_string
0x00D4       [1]    FARG_ADC_Read_channel
0x00D6       [2]    FARG_IntToStr_output
0x00D6       [2]    Ltrim_trimmed_L0
0x00D8       [2]    IntToStr_i_L0
0x00DA       [2]    IntToStr_negative_L0
0x00DC       [2]    IntToStr_inword_L0
0x00DE       [2]    FARG_strcat_to
0x00DE       [2]    FARG_UART1_Write_Text_uart_text
0x00DE       [2]    FARG_WordToStr_input
0x00DE       [2]    FARG_strcpy_to
0x00E0       [2]    FARG_strcpy_from
0x00E0       [1]    UART1_Write_Text_data__L0
0x00E0       [2]    FARG_strcat_from
0x00E0       [2]    FARG_WordToStr_output
0x00E1       [1]    UART1_Write_Text_counter_L0
0x00E2       [1]    WordToStr_len_L0
0x00E3       [2]    FLOC__WordToStr
0x00E5       [1]    FARG_UART1_Write_data_
0x0F82       [1]    PORTC
0x0F94       [0]    TRISC7_bit
0x0F94       [1]    TRISC
0x0F94       [0]    TRISC6_bit
0x0F9E       [1]    PIR1
0x0FAB       [1]    RCSTA
0x0FAC       [1]    TXSTA
0x0FAD       [1]    TXREG
0x0FAE       [1]    RCREG
0x0FAF       [1]    SPBRG
0x0FB0       [1]    SPBRGH
0x0FB8       [1]    BAUDCON
0x0FC0       [1]    ADCON2
0x0FC1       [1]    ADCON1
0x0FC2       [1]    ADCON0
0x0FC3       [1]    ADRESL
0x0FC4       [1]    ADRESH
0x0FD8       [1]    STATUS
0x0FD9       [1]    FSR2L
0x0FDA       [1]    FSR2H
0x0FDE       [1]    POSTINC2
0x0FE0       [1]    BSR
0x0FE1       [1]    FSR1L
0x0FE2       [1]    FSR1H
0x0FE4       [1]    PREINC1
0x0FE6       [1]    POSTINC1
0x0FE7       [1]    INDF1
0x0FE8       [1]    WREG
0x0FE9       [1]    FSR0L
0x0FEA       [1]    FSR0H
0x0FEE       [1]    POSTINC0
0x0FF3       [1]    PRODL
0x0FF4       [1]    PRODH
0x0FF5       [1]    TABLAT
0x0FF6       [1]    TBLPTRL
0x0FF7       [1]    TBLPTRH
0x0FF8       [1]    TBLPTRU
//** Constants locations ** 
//ADDRESS    SIZE    CONSTANT
//----------------------------------------------
0x0A14       [8]    ?ICS?lstr2_Level_Control
0x0A1C       [1]    ?ICS?lstr1_Level_Control
0x0A1D       [2]    ?ICS?lstr3_Level_Control
0x0A1F       [7]    ?ICS_sNivel
0x0A26     [100]    ?ICS_sText
0x0A8A       [2]    ?ICS_iV1
0x0A8C       [2]    ?ICS_iV2
0x0A8E       [2]    ?ICS_iSensor
0x0A90       [2]    ?ICS_iNivel
0x0A92       [7]    ?ICS_sB1
0x0A99       [2]    ?ICS?lstr6_Level_Control
0x0A9B       [3]    ?ICS?lstr8_Level_Control
0x0A9E       [3]    ?ICS?lstr7_Level_Control
0x0AA1       [7]    ?ICS_sV3
0x0AA8       [2]    ?ICS?lstr4_Level_Control
0x0AAA       [7]    ?ICS_sV1
0x0AB1       [2]    ?ICS?lstr5_Level_Control
0x0AB3       [7]    ?ICS_sV2
0x0ABA       [2]    ?ICS_iV3
0x0ABC       [2]    ?ICS_iB1
0x0ABE       [1]    ?ICS_vref_mask
